[2025-03-13T06:56:11.737+0000] {taskinstance.py:1956} INFO - Dependencies all met for dep_context=non-requeueable deps ti=<TaskInstance: etl_csv_to_sqlite.transform_task scheduled__2025-03-12T00:00:00+00:00 [queued]>
[2025-03-13T06:56:11.746+0000] {taskinstance.py:1956} INFO - Dependencies all met for dep_context=requeueable deps ti=<TaskInstance: etl_csv_to_sqlite.transform_task scheduled__2025-03-12T00:00:00+00:00 [queued]>
[2025-03-13T06:56:11.747+0000] {taskinstance.py:2170} INFO - Starting attempt 1 of 2
[2025-03-13T06:56:11.756+0000] {taskinstance.py:2191} INFO - Executing <Task(PythonOperator): transform_task> on 2025-03-12 00:00:00+00:00
[2025-03-13T06:56:11.761+0000] {standard_task_runner.py:60} INFO - Started process 218 to run task
[2025-03-13T06:56:11.763+0000] {standard_task_runner.py:87} INFO - Running: ['***', 'tasks', 'run', 'etl_csv_to_sqlite', 'transform_task', 'scheduled__2025-03-12T00:00:00+00:00', '--job-id', '6', '--raw', '--subdir', 'DAGS_FOLDER/etl_csv_to_sqlite.py', '--cfg-path', '/tmp/tmpechtjk6c']
[2025-03-13T06:56:11.764+0000] {standard_task_runner.py:88} INFO - Job 6: Subtask transform_task
[2025-03-13T06:56:11.800+0000] {task_command.py:423} INFO - Running <TaskInstance: etl_csv_to_sqlite.transform_task scheduled__2025-03-12T00:00:00+00:00 [running]> on host d11d888054d7
[2025-03-13T06:56:11.860+0000] {taskinstance.py:2480} INFO - Exporting env vars: AIRFLOW_CTX_DAG_OWNER='***' AIRFLOW_CTX_DAG_ID='etl_csv_to_sqlite' AIRFLOW_CTX_TASK_ID='transform_task' AIRFLOW_CTX_EXECUTION_DATE='2025-03-12T00:00:00+00:00' AIRFLOW_CTX_TRY_NUMBER='1' AIRFLOW_CTX_DAG_RUN_ID='scheduled__2025-03-12T00:00:00+00:00'
[2025-03-13T06:56:12.032+0000] {python.py:201} INFO - Done. Returned value was: Data transformed successfully. Added 'status' column: {'MUDA': 3, 'DEWASA': 2}
[2025-03-13T06:56:12.046+0000] {taskinstance.py:1138} INFO - Marking task as SUCCESS. dag_id=etl_csv_to_sqlite, task_id=transform_task, execution_date=20250312T000000, start_date=20250313T065611, end_date=20250313T065612
[2025-03-13T06:56:12.098+0000] {local_task_job_runner.py:234} INFO - Task exited with return code 0
[2025-03-13T06:56:12.118+0000] {taskinstance.py:3280} INFO - 1 downstream tasks scheduled from follow-on schedule check
[2025-03-13T08:36:24.164+0000] {taskinstance.py:1956} INFO - Dependencies all met for dep_context=non-requeueable deps ti=<TaskInstance: etl_csv_to_sqlite.transform_task scheduled__2025-03-12T00:00:00+00:00 [queued]>
[2025-03-13T08:36:24.171+0000] {taskinstance.py:1956} INFO - Dependencies all met for dep_context=requeueable deps ti=<TaskInstance: etl_csv_to_sqlite.transform_task scheduled__2025-03-12T00:00:00+00:00 [queued]>
[2025-03-13T08:36:24.173+0000] {taskinstance.py:2170} INFO - Starting attempt 1 of 2
[2025-03-13T08:36:24.182+0000] {taskinstance.py:2191} INFO - Executing <Task(PythonOperator): transform_task> on 2025-03-12 00:00:00+00:00
[2025-03-13T08:36:24.186+0000] {standard_task_runner.py:60} INFO - Started process 361 to run task
[2025-03-13T08:36:24.188+0000] {standard_task_runner.py:87} INFO - Running: ['***', 'tasks', 'run', 'etl_csv_to_sqlite', 'transform_task', 'scheduled__2025-03-12T00:00:00+00:00', '--job-id', '11', '--raw', '--subdir', 'DAGS_FOLDER/etl_csv_to_sqlite.py', '--cfg-path', '/tmp/tmpw25awv9g']
[2025-03-13T08:36:24.189+0000] {standard_task_runner.py:88} INFO - Job 11: Subtask transform_task
[2025-03-13T08:36:24.222+0000] {task_command.py:423} INFO - Running <TaskInstance: etl_csv_to_sqlite.transform_task scheduled__2025-03-12T00:00:00+00:00 [running]> on host 029b78518459
[2025-03-13T08:36:24.413+0000] {taskinstance.py:2480} INFO - Exporting env vars: AIRFLOW_CTX_DAG_OWNER='***' AIRFLOW_CTX_DAG_ID='etl_csv_to_sqlite' AIRFLOW_CTX_TASK_ID='transform_task' AIRFLOW_CTX_EXECUTION_DATE='2025-03-12T00:00:00+00:00' AIRFLOW_CTX_TRY_NUMBER='1' AIRFLOW_CTX_DAG_RUN_ID='scheduled__2025-03-12T00:00:00+00:00'
[2025-03-13T08:36:24.440+0000] {python.py:201} INFO - Done. Returned value was: Data transformed successfully. Added 'status' column: {'MUDA': 3, 'DEWASA': 2}
[2025-03-13T08:36:24.452+0000] {taskinstance.py:1138} INFO - Marking task as SUCCESS. dag_id=etl_csv_to_sqlite, task_id=transform_task, execution_date=20250312T000000, start_date=20250313T083624, end_date=20250313T083624
[2025-03-13T08:36:24.481+0000] {local_task_job_runner.py:234} INFO - Task exited with return code 0
[2025-03-13T08:36:24.499+0000] {taskinstance.py:3280} INFO - 1 downstream tasks scheduled from follow-on schedule check
