[2025-03-13T06:46:17.684+0000] {processor.py:161} INFO - Started process (PID=181) to work on /opt/airflow/dags/etl_multi_source_db.py
[2025-03-13T06:46:17.686+0000] {processor.py:830} INFO - Processing file /opt/airflow/dags/etl_multi_source_db.py for tasks to queue
[2025-03-13T06:46:17.687+0000] {logging_mixin.py:188} INFO - [2025-03-13T06:46:17.687+0000] {dagbag.py:538} INFO - Filling up the DagBag from /opt/airflow/dags/etl_multi_source_db.py
[2025-03-13T06:46:18.528+0000] {processor.py:840} INFO - DAG(s) 'etl_multi_source' retrieved from /opt/airflow/dags/etl_multi_source_db.py
[2025-03-13T06:46:18.863+0000] {logging_mixin.py:188} INFO - [2025-03-13T06:46:18.863+0000] {override.py:1769} INFO - Created Permission View: can edit on DAG:etl_multi_source
[2025-03-13T06:46:18.872+0000] {logging_mixin.py:188} INFO - [2025-03-13T06:46:18.872+0000] {override.py:1769} INFO - Created Permission View: can delete on DAG:etl_multi_source
[2025-03-13T06:46:18.879+0000] {logging_mixin.py:188} INFO - [2025-03-13T06:46:18.879+0000] {override.py:1769} INFO - Created Permission View: can read on DAG:etl_multi_source
[2025-03-13T06:46:18.880+0000] {logging_mixin.py:188} INFO - [2025-03-13T06:46:18.880+0000] {dag.py:3036} INFO - Sync 1 DAGs
[2025-03-13T06:46:18.888+0000] {logging_mixin.py:188} INFO - [2025-03-13T06:46:18.887+0000] {dag.py:3058} INFO - Creating ORM DAG for etl_multi_source
[2025-03-13T06:46:18.896+0000] {logging_mixin.py:188} INFO - [2025-03-13T06:46:18.896+0000] {dag.py:3823} INFO - Setting next_dagrun for etl_multi_source to 2025-03-12 00:00:00+00:00, run_after=2025-03-13 00:00:00+00:00
[2025-03-13T06:46:18.915+0000] {processor.py:183} INFO - Processing /opt/airflow/dags/etl_multi_source_db.py took 1.233 seconds
[2025-03-13T06:46:49.188+0000] {processor.py:161} INFO - Started process (PID=207) to work on /opt/airflow/dags/etl_multi_source_db.py
[2025-03-13T06:46:49.190+0000] {processor.py:830} INFO - Processing file /opt/airflow/dags/etl_multi_source_db.py for tasks to queue
[2025-03-13T06:46:49.191+0000] {logging_mixin.py:188} INFO - [2025-03-13T06:46:49.190+0000] {dagbag.py:538} INFO - Filling up the DagBag from /opt/airflow/dags/etl_multi_source_db.py
[2025-03-13T06:46:49.528+0000] {processor.py:840} INFO - DAG(s) 'etl_multi_source' retrieved from /opt/airflow/dags/etl_multi_source_db.py
[2025-03-13T06:46:49.584+0000] {logging_mixin.py:188} INFO - [2025-03-13T06:46:49.584+0000] {dag.py:3036} INFO - Sync 1 DAGs
[2025-03-13T06:46:49.616+0000] {logging_mixin.py:188} INFO - [2025-03-13T06:46:49.616+0000] {dag.py:3823} INFO - Setting next_dagrun for etl_multi_source to 2025-03-12 00:00:00+00:00, run_after=2025-03-13 00:00:00+00:00
[2025-03-13T06:46:49.641+0000] {processor.py:183} INFO - Processing /opt/airflow/dags/etl_multi_source_db.py took 0.456 seconds
[2025-03-13T06:47:19.950+0000] {processor.py:161} INFO - Started process (PID=233) to work on /opt/airflow/dags/etl_multi_source_db.py
[2025-03-13T06:47:19.951+0000] {processor.py:830} INFO - Processing file /opt/airflow/dags/etl_multi_source_db.py for tasks to queue
[2025-03-13T06:47:19.952+0000] {logging_mixin.py:188} INFO - [2025-03-13T06:47:19.952+0000] {dagbag.py:538} INFO - Filling up the DagBag from /opt/airflow/dags/etl_multi_source_db.py
[2025-03-13T06:47:20.205+0000] {processor.py:840} INFO - DAG(s) 'etl_multi_source' retrieved from /opt/airflow/dags/etl_multi_source_db.py
[2025-03-13T06:47:20.234+0000] {logging_mixin.py:188} INFO - [2025-03-13T06:47:20.233+0000] {dag.py:3036} INFO - Sync 1 DAGs
[2025-03-13T06:47:20.255+0000] {logging_mixin.py:188} INFO - [2025-03-13T06:47:20.255+0000] {dag.py:3823} INFO - Setting next_dagrun for etl_multi_source to 2025-03-12 00:00:00+00:00, run_after=2025-03-13 00:00:00+00:00
[2025-03-13T06:47:20.273+0000] {processor.py:183} INFO - Processing /opt/airflow/dags/etl_multi_source_db.py took 0.326 seconds
[2025-03-13T06:47:50.544+0000] {processor.py:161} INFO - Started process (PID=259) to work on /opt/airflow/dags/etl_multi_source_db.py
[2025-03-13T06:47:50.545+0000] {processor.py:830} INFO - Processing file /opt/airflow/dags/etl_multi_source_db.py for tasks to queue
[2025-03-13T06:47:50.546+0000] {logging_mixin.py:188} INFO - [2025-03-13T06:47:50.545+0000] {dagbag.py:538} INFO - Filling up the DagBag from /opt/airflow/dags/etl_multi_source_db.py
[2025-03-13T06:47:50.760+0000] {processor.py:840} INFO - DAG(s) 'etl_multi_source' retrieved from /opt/airflow/dags/etl_multi_source_db.py
[2025-03-13T06:47:50.784+0000] {logging_mixin.py:188} INFO - [2025-03-13T06:47:50.783+0000] {dag.py:3036} INFO - Sync 1 DAGs
[2025-03-13T06:47:50.806+0000] {logging_mixin.py:188} INFO - [2025-03-13T06:47:50.806+0000] {dag.py:3823} INFO - Setting next_dagrun for etl_multi_source to 2025-03-12 00:00:00+00:00, run_after=2025-03-13 00:00:00+00:00
[2025-03-13T06:47:50.821+0000] {processor.py:183} INFO - Processing /opt/airflow/dags/etl_multi_source_db.py took 0.280 seconds
[2025-03-13T06:48:21.121+0000] {processor.py:161} INFO - Started process (PID=285) to work on /opt/airflow/dags/etl_multi_source_db.py
[2025-03-13T06:48:21.122+0000] {processor.py:830} INFO - Processing file /opt/airflow/dags/etl_multi_source_db.py for tasks to queue
[2025-03-13T06:48:21.123+0000] {logging_mixin.py:188} INFO - [2025-03-13T06:48:21.123+0000] {dagbag.py:538} INFO - Filling up the DagBag from /opt/airflow/dags/etl_multi_source_db.py
[2025-03-13T06:48:21.381+0000] {processor.py:840} INFO - DAG(s) 'etl_multi_source' retrieved from /opt/airflow/dags/etl_multi_source_db.py
[2025-03-13T06:48:21.412+0000] {logging_mixin.py:188} INFO - [2025-03-13T06:48:21.412+0000] {dag.py:3036} INFO - Sync 1 DAGs
[2025-03-13T06:48:21.434+0000] {logging_mixin.py:188} INFO - [2025-03-13T06:48:21.434+0000] {dag.py:3823} INFO - Setting next_dagrun for etl_multi_source to 2025-03-12 00:00:00+00:00, run_after=2025-03-13 00:00:00+00:00
[2025-03-13T06:48:21.452+0000] {processor.py:183} INFO - Processing /opt/airflow/dags/etl_multi_source_db.py took 0.333 seconds
[2025-03-13T06:48:51.721+0000] {processor.py:161} INFO - Started process (PID=311) to work on /opt/airflow/dags/etl_multi_source_db.py
[2025-03-13T06:48:51.722+0000] {processor.py:830} INFO - Processing file /opt/airflow/dags/etl_multi_source_db.py for tasks to queue
[2025-03-13T06:48:51.723+0000] {logging_mixin.py:188} INFO - [2025-03-13T06:48:51.723+0000] {dagbag.py:538} INFO - Filling up the DagBag from /opt/airflow/dags/etl_multi_source_db.py
[2025-03-13T06:48:51.936+0000] {processor.py:840} INFO - DAG(s) 'etl_multi_source' retrieved from /opt/airflow/dags/etl_multi_source_db.py
[2025-03-13T06:48:51.964+0000] {logging_mixin.py:188} INFO - [2025-03-13T06:48:51.963+0000] {dag.py:3036} INFO - Sync 1 DAGs
[2025-03-13T06:48:51.981+0000] {logging_mixin.py:188} INFO - [2025-03-13T06:48:51.981+0000] {dag.py:3823} INFO - Setting next_dagrun for etl_multi_source to 2025-03-12 00:00:00+00:00, run_after=2025-03-13 00:00:00+00:00
[2025-03-13T06:48:52.000+0000] {processor.py:183} INFO - Processing /opt/airflow/dags/etl_multi_source_db.py took 0.281 seconds
[2025-03-13T06:49:22.286+0000] {processor.py:161} INFO - Started process (PID=337) to work on /opt/airflow/dags/etl_multi_source_db.py
[2025-03-13T06:49:22.287+0000] {processor.py:830} INFO - Processing file /opt/airflow/dags/etl_multi_source_db.py for tasks to queue
[2025-03-13T06:49:22.288+0000] {logging_mixin.py:188} INFO - [2025-03-13T06:49:22.288+0000] {dagbag.py:538} INFO - Filling up the DagBag from /opt/airflow/dags/etl_multi_source_db.py
[2025-03-13T06:49:22.512+0000] {processor.py:840} INFO - DAG(s) 'etl_multi_source' retrieved from /opt/airflow/dags/etl_multi_source_db.py
[2025-03-13T06:49:22.538+0000] {logging_mixin.py:188} INFO - [2025-03-13T06:49:22.537+0000] {dag.py:3036} INFO - Sync 1 DAGs
[2025-03-13T06:49:22.556+0000] {logging_mixin.py:188} INFO - [2025-03-13T06:49:22.555+0000] {dag.py:3823} INFO - Setting next_dagrun for etl_multi_source to 2025-03-12 00:00:00+00:00, run_after=2025-03-13 00:00:00+00:00
[2025-03-13T06:49:22.573+0000] {processor.py:183} INFO - Processing /opt/airflow/dags/etl_multi_source_db.py took 0.290 seconds
[2025-03-13T06:49:52.826+0000] {processor.py:161} INFO - Started process (PID=363) to work on /opt/airflow/dags/etl_multi_source_db.py
[2025-03-13T06:49:52.827+0000] {processor.py:830} INFO - Processing file /opt/airflow/dags/etl_multi_source_db.py for tasks to queue
[2025-03-13T06:49:52.828+0000] {logging_mixin.py:188} INFO - [2025-03-13T06:49:52.828+0000] {dagbag.py:538} INFO - Filling up the DagBag from /opt/airflow/dags/etl_multi_source_db.py
[2025-03-13T06:49:53.088+0000] {processor.py:840} INFO - DAG(s) 'etl_multi_source' retrieved from /opt/airflow/dags/etl_multi_source_db.py
[2025-03-13T06:49:53.113+0000] {logging_mixin.py:188} INFO - [2025-03-13T06:49:53.113+0000] {dag.py:3036} INFO - Sync 1 DAGs
[2025-03-13T06:49:53.137+0000] {logging_mixin.py:188} INFO - [2025-03-13T06:49:53.137+0000] {dag.py:3823} INFO - Setting next_dagrun for etl_multi_source to 2025-03-12 00:00:00+00:00, run_after=2025-03-13 00:00:00+00:00
[2025-03-13T06:49:53.153+0000] {processor.py:183} INFO - Processing /opt/airflow/dags/etl_multi_source_db.py took 0.330 seconds
[2025-03-13T06:50:23.771+0000] {processor.py:161} INFO - Started process (PID=395) to work on /opt/airflow/dags/etl_multi_source_db.py
[2025-03-13T06:50:23.772+0000] {processor.py:830} INFO - Processing file /opt/airflow/dags/etl_multi_source_db.py for tasks to queue
[2025-03-13T06:50:23.773+0000] {logging_mixin.py:188} INFO - [2025-03-13T06:50:23.772+0000] {dagbag.py:538} INFO - Filling up the DagBag from /opt/airflow/dags/etl_multi_source_db.py
[2025-03-13T06:50:24.012+0000] {processor.py:840} INFO - DAG(s) 'etl_multi_source' retrieved from /opt/airflow/dags/etl_multi_source_db.py
[2025-03-13T06:50:24.043+0000] {logging_mixin.py:188} INFO - [2025-03-13T06:50:24.043+0000] {dag.py:3036} INFO - Sync 1 DAGs
[2025-03-13T06:50:24.062+0000] {logging_mixin.py:188} INFO - [2025-03-13T06:50:24.062+0000] {dag.py:3823} INFO - Setting next_dagrun for etl_multi_source to 2025-03-12 00:00:00+00:00, run_after=2025-03-13 00:00:00+00:00
[2025-03-13T06:50:24.087+0000] {processor.py:183} INFO - Processing /opt/airflow/dags/etl_multi_source_db.py took 0.319 seconds
[2025-03-13T06:50:54.581+0000] {processor.py:161} INFO - Started process (PID=428) to work on /opt/airflow/dags/etl_multi_source_db.py
[2025-03-13T06:50:54.582+0000] {processor.py:830} INFO - Processing file /opt/airflow/dags/etl_multi_source_db.py for tasks to queue
[2025-03-13T06:50:54.583+0000] {logging_mixin.py:188} INFO - [2025-03-13T06:50:54.583+0000] {dagbag.py:538} INFO - Filling up the DagBag from /opt/airflow/dags/etl_multi_source_db.py
[2025-03-13T06:50:54.829+0000] {processor.py:840} INFO - DAG(s) 'etl_multi_source' retrieved from /opt/airflow/dags/etl_multi_source_db.py
[2025-03-13T06:50:54.852+0000] {logging_mixin.py:188} INFO - [2025-03-13T06:50:54.851+0000] {dag.py:3036} INFO - Sync 1 DAGs
[2025-03-13T06:50:54.869+0000] {logging_mixin.py:188} INFO - [2025-03-13T06:50:54.869+0000] {dag.py:3823} INFO - Setting next_dagrun for etl_multi_source to 2025-03-12 00:00:00+00:00, run_after=2025-03-13 00:00:00+00:00
[2025-03-13T06:50:54.885+0000] {processor.py:183} INFO - Processing /opt/airflow/dags/etl_multi_source_db.py took 0.307 seconds
[2025-03-13T06:51:25.136+0000] {processor.py:161} INFO - Started process (PID=446) to work on /opt/airflow/dags/etl_multi_source_db.py
[2025-03-13T06:51:25.137+0000] {processor.py:830} INFO - Processing file /opt/airflow/dags/etl_multi_source_db.py for tasks to queue
[2025-03-13T06:51:25.138+0000] {logging_mixin.py:188} INFO - [2025-03-13T06:51:25.137+0000] {dagbag.py:538} INFO - Filling up the DagBag from /opt/airflow/dags/etl_multi_source_db.py
[2025-03-13T06:51:25.366+0000] {processor.py:840} INFO - DAG(s) 'etl_multi_source' retrieved from /opt/airflow/dags/etl_multi_source_db.py
[2025-03-13T06:51:25.390+0000] {logging_mixin.py:188} INFO - [2025-03-13T06:51:25.390+0000] {dag.py:3036} INFO - Sync 1 DAGs
[2025-03-13T06:51:25.408+0000] {logging_mixin.py:188} INFO - [2025-03-13T06:51:25.407+0000] {dag.py:3823} INFO - Setting next_dagrun for etl_multi_source to 2025-03-12 00:00:00+00:00, run_after=2025-03-13 00:00:00+00:00
[2025-03-13T06:51:25.424+0000] {processor.py:183} INFO - Processing /opt/airflow/dags/etl_multi_source_db.py took 0.290 seconds
[2025-03-13T06:51:51.110+0000] {processor.py:161} INFO - Started process (PID=478) to work on /opt/airflow/dags/etl_multi_source_db.py
[2025-03-13T06:51:51.111+0000] {processor.py:830} INFO - Processing file /opt/airflow/dags/etl_multi_source_db.py for tasks to queue
[2025-03-13T06:51:51.112+0000] {logging_mixin.py:188} INFO - [2025-03-13T06:51:51.111+0000] {dagbag.py:538} INFO - Filling up the DagBag from /opt/airflow/dags/etl_multi_source_db.py
[2025-03-13T06:51:51.326+0000] {processor.py:840} INFO - DAG(s) 'etl_multi_source' retrieved from /opt/airflow/dags/etl_multi_source_db.py
[2025-03-13T06:51:51.346+0000] {logging_mixin.py:188} INFO - [2025-03-13T06:51:51.346+0000] {dag.py:3036} INFO - Sync 1 DAGs
[2025-03-13T06:51:51.365+0000] {logging_mixin.py:188} INFO - [2025-03-13T06:51:51.365+0000] {dag.py:3823} INFO - Setting next_dagrun for etl_multi_source to 2025-03-12 00:00:00+00:00, run_after=2025-03-13 00:00:00+00:00
[2025-03-13T06:51:51.391+0000] {processor.py:183} INFO - Processing /opt/airflow/dags/etl_multi_source_db.py took 0.283 seconds
[2025-03-13T06:52:21.675+0000] {processor.py:161} INFO - Started process (PID=504) to work on /opt/airflow/dags/etl_multi_source_db.py
[2025-03-13T06:52:21.676+0000] {processor.py:830} INFO - Processing file /opt/airflow/dags/etl_multi_source_db.py for tasks to queue
[2025-03-13T06:52:21.678+0000] {logging_mixin.py:188} INFO - [2025-03-13T06:52:21.677+0000] {dagbag.py:538} INFO - Filling up the DagBag from /opt/airflow/dags/etl_multi_source_db.py
[2025-03-13T06:52:21.901+0000] {processor.py:840} INFO - DAG(s) 'etl_multi_source' retrieved from /opt/airflow/dags/etl_multi_source_db.py
[2025-03-13T06:52:21.924+0000] {logging_mixin.py:188} INFO - [2025-03-13T06:52:21.923+0000] {dag.py:3036} INFO - Sync 1 DAGs
[2025-03-13T06:52:21.945+0000] {logging_mixin.py:188} INFO - [2025-03-13T06:52:21.944+0000] {dag.py:3823} INFO - Setting next_dagrun for etl_multi_source to 2025-03-12 00:00:00+00:00, run_after=2025-03-13 00:00:00+00:00
[2025-03-13T06:52:21.960+0000] {processor.py:183} INFO - Processing /opt/airflow/dags/etl_multi_source_db.py took 0.287 seconds
[2025-03-13T06:52:52.660+0000] {processor.py:161} INFO - Started process (PID=530) to work on /opt/airflow/dags/etl_multi_source_db.py
[2025-03-13T06:52:52.660+0000] {processor.py:830} INFO - Processing file /opt/airflow/dags/etl_multi_source_db.py for tasks to queue
[2025-03-13T06:52:52.661+0000] {logging_mixin.py:188} INFO - [2025-03-13T06:52:52.661+0000] {dagbag.py:538} INFO - Filling up the DagBag from /opt/airflow/dags/etl_multi_source_db.py
[2025-03-13T06:52:52.864+0000] {processor.py:840} INFO - DAG(s) 'etl_multi_source' retrieved from /opt/airflow/dags/etl_multi_source_db.py
[2025-03-13T06:52:52.888+0000] {logging_mixin.py:188} INFO - [2025-03-13T06:52:52.887+0000] {dag.py:3036} INFO - Sync 1 DAGs
[2025-03-13T06:52:53.027+0000] {logging_mixin.py:188} INFO - [2025-03-13T06:52:53.027+0000] {dag.py:3823} INFO - Setting next_dagrun for etl_multi_source to 2025-03-12 00:00:00+00:00, run_after=2025-03-13 00:00:00+00:00
[2025-03-13T06:52:53.042+0000] {processor.py:183} INFO - Processing /opt/airflow/dags/etl_multi_source_db.py took 0.384 seconds
[2025-03-13T06:53:23.231+0000] {processor.py:161} INFO - Started process (PID=556) to work on /opt/airflow/dags/etl_multi_source_db.py
[2025-03-13T06:53:23.232+0000] {processor.py:830} INFO - Processing file /opt/airflow/dags/etl_multi_source_db.py for tasks to queue
[2025-03-13T06:53:23.233+0000] {logging_mixin.py:188} INFO - [2025-03-13T06:53:23.232+0000] {dagbag.py:538} INFO - Filling up the DagBag from /opt/airflow/dags/etl_multi_source_db.py
[2025-03-13T06:53:23.461+0000] {processor.py:840} INFO - DAG(s) 'etl_multi_source' retrieved from /opt/airflow/dags/etl_multi_source_db.py
[2025-03-13T06:53:23.494+0000] {logging_mixin.py:188} INFO - [2025-03-13T06:53:23.493+0000] {dag.py:3036} INFO - Sync 1 DAGs
[2025-03-13T06:53:23.514+0000] {logging_mixin.py:188} INFO - [2025-03-13T06:53:23.513+0000] {dag.py:3823} INFO - Setting next_dagrun for etl_multi_source to 2025-03-12 00:00:00+00:00, run_after=2025-03-13 00:00:00+00:00
[2025-03-13T06:53:23.529+0000] {processor.py:183} INFO - Processing /opt/airflow/dags/etl_multi_source_db.py took 0.301 seconds
[2025-03-13T06:53:53.935+0000] {processor.py:161} INFO - Started process (PID=582) to work on /opt/airflow/dags/etl_multi_source_db.py
[2025-03-13T06:53:53.936+0000] {processor.py:830} INFO - Processing file /opt/airflow/dags/etl_multi_source_db.py for tasks to queue
[2025-03-13T06:53:53.936+0000] {logging_mixin.py:188} INFO - [2025-03-13T06:53:53.936+0000] {dagbag.py:538} INFO - Filling up the DagBag from /opt/airflow/dags/etl_multi_source_db.py
[2025-03-13T06:53:54.140+0000] {processor.py:840} INFO - DAG(s) 'etl_multi_source' retrieved from /opt/airflow/dags/etl_multi_source_db.py
[2025-03-13T06:53:54.164+0000] {logging_mixin.py:188} INFO - [2025-03-13T06:53:54.163+0000] {dag.py:3036} INFO - Sync 1 DAGs
[2025-03-13T06:53:54.299+0000] {logging_mixin.py:188} INFO - [2025-03-13T06:53:54.299+0000] {dag.py:3823} INFO - Setting next_dagrun for etl_multi_source to 2025-03-12 00:00:00+00:00, run_after=2025-03-13 00:00:00+00:00
[2025-03-13T06:53:54.317+0000] {processor.py:183} INFO - Processing /opt/airflow/dags/etl_multi_source_db.py took 0.384 seconds
[2025-03-13T06:54:24.861+0000] {processor.py:161} INFO - Started process (PID=608) to work on /opt/airflow/dags/etl_multi_source_db.py
[2025-03-13T06:54:24.862+0000] {processor.py:830} INFO - Processing file /opt/airflow/dags/etl_multi_source_db.py for tasks to queue
[2025-03-13T06:54:24.862+0000] {logging_mixin.py:188} INFO - [2025-03-13T06:54:24.862+0000] {dagbag.py:538} INFO - Filling up the DagBag from /opt/airflow/dags/etl_multi_source_db.py
[2025-03-13T06:54:25.190+0000] {processor.py:840} INFO - DAG(s) 'etl_multi_source' retrieved from /opt/airflow/dags/etl_multi_source_db.py
[2025-03-13T06:54:25.212+0000] {logging_mixin.py:188} INFO - [2025-03-13T06:54:25.212+0000] {dag.py:3036} INFO - Sync 1 DAGs
[2025-03-13T06:54:25.227+0000] {logging_mixin.py:188} INFO - [2025-03-13T06:54:25.227+0000] {dag.py:3823} INFO - Setting next_dagrun for etl_multi_source to 2025-03-12 00:00:00+00:00, run_after=2025-03-13 00:00:00+00:00
[2025-03-13T06:54:25.240+0000] {processor.py:183} INFO - Processing /opt/airflow/dags/etl_multi_source_db.py took 0.381 seconds
[2025-03-13T06:54:55.746+0000] {processor.py:161} INFO - Started process (PID=634) to work on /opt/airflow/dags/etl_multi_source_db.py
[2025-03-13T06:54:55.748+0000] {processor.py:830} INFO - Processing file /opt/airflow/dags/etl_multi_source_db.py for tasks to queue
[2025-03-13T06:54:55.749+0000] {logging_mixin.py:188} INFO - [2025-03-13T06:54:55.748+0000] {dagbag.py:538} INFO - Filling up the DagBag from /opt/airflow/dags/etl_multi_source_db.py
[2025-03-13T06:54:55.944+0000] {processor.py:840} INFO - DAG(s) 'etl_multi_source' retrieved from /opt/airflow/dags/etl_multi_source_db.py
[2025-03-13T06:54:55.964+0000] {logging_mixin.py:188} INFO - [2025-03-13T06:54:55.963+0000] {dag.py:3036} INFO - Sync 1 DAGs
[2025-03-13T06:54:56.089+0000] {logging_mixin.py:188} INFO - [2025-03-13T06:54:56.088+0000] {dag.py:3823} INFO - Setting next_dagrun for etl_multi_source to 2025-03-12 00:00:00+00:00, run_after=2025-03-13 00:00:00+00:00
[2025-03-13T06:54:56.107+0000] {processor.py:183} INFO - Processing /opt/airflow/dags/etl_multi_source_db.py took 0.363 seconds
[2025-03-13T06:55:26.666+0000] {processor.py:161} INFO - Started process (PID=660) to work on /opt/airflow/dags/etl_multi_source_db.py
[2025-03-13T06:55:26.667+0000] {processor.py:830} INFO - Processing file /opt/airflow/dags/etl_multi_source_db.py for tasks to queue
[2025-03-13T06:55:26.667+0000] {logging_mixin.py:188} INFO - [2025-03-13T06:55:26.667+0000] {dagbag.py:538} INFO - Filling up the DagBag from /opt/airflow/dags/etl_multi_source_db.py
[2025-03-13T06:55:27.016+0000] {processor.py:840} INFO - DAG(s) 'etl_multi_source' retrieved from /opt/airflow/dags/etl_multi_source_db.py
[2025-03-13T06:55:27.039+0000] {logging_mixin.py:188} INFO - [2025-03-13T06:55:27.039+0000] {dag.py:3036} INFO - Sync 1 DAGs
[2025-03-13T06:55:27.055+0000] {logging_mixin.py:188} INFO - [2025-03-13T06:55:27.055+0000] {dag.py:3823} INFO - Setting next_dagrun for etl_multi_source to 2025-03-12 00:00:00+00:00, run_after=2025-03-13 00:00:00+00:00
[2025-03-13T06:55:27.071+0000] {processor.py:183} INFO - Processing /opt/airflow/dags/etl_multi_source_db.py took 0.407 seconds
[2025-03-13T06:55:45.245+0000] {processor.py:161} INFO - Started process (PID=181) to work on /opt/airflow/dags/etl_multi_source_db.py
[2025-03-13T06:55:45.246+0000] {processor.py:830} INFO - Processing file /opt/airflow/dags/etl_multi_source_db.py for tasks to queue
[2025-03-13T06:55:45.247+0000] {logging_mixin.py:188} INFO - [2025-03-13T06:55:45.247+0000] {dagbag.py:538} INFO - Filling up the DagBag from /opt/airflow/dags/etl_multi_source_db.py
[2025-03-13T06:55:45.513+0000] {processor.py:840} INFO - DAG(s) 'etl_multi_source' retrieved from /opt/airflow/dags/etl_multi_source_db.py
[2025-03-13T06:55:45.538+0000] {logging_mixin.py:188} INFO - [2025-03-13T06:55:45.538+0000] {dag.py:3036} INFO - Sync 1 DAGs
[2025-03-13T06:55:45.562+0000] {logging_mixin.py:188} INFO - [2025-03-13T06:55:45.561+0000] {dag.py:3823} INFO - Setting next_dagrun for etl_multi_source to 2025-03-12 00:00:00+00:00, run_after=2025-03-13 00:00:00+00:00
[2025-03-13T06:55:45.581+0000] {processor.py:183} INFO - Processing /opt/airflow/dags/etl_multi_source_db.py took 0.338 seconds
[2025-03-13T06:56:15.906+0000] {processor.py:161} INFO - Started process (PID=225) to work on /opt/airflow/dags/etl_multi_source_db.py
[2025-03-13T06:56:15.907+0000] {processor.py:830} INFO - Processing file /opt/airflow/dags/etl_multi_source_db.py for tasks to queue
[2025-03-13T06:56:15.908+0000] {logging_mixin.py:188} INFO - [2025-03-13T06:56:15.907+0000] {dagbag.py:538} INFO - Filling up the DagBag from /opt/airflow/dags/etl_multi_source_db.py
[2025-03-13T06:56:16.114+0000] {processor.py:840} INFO - DAG(s) 'etl_multi_source' retrieved from /opt/airflow/dags/etl_multi_source_db.py
[2025-03-13T06:56:16.192+0000] {logging_mixin.py:188} INFO - [2025-03-13T06:56:16.191+0000] {dag.py:3036} INFO - Sync 1 DAGs
[2025-03-13T06:56:16.206+0000] {logging_mixin.py:188} INFO - [2025-03-13T06:56:16.206+0000] {dag.py:3823} INFO - Setting next_dagrun for etl_multi_source to 2025-03-12 00:00:00+00:00, run_after=2025-03-13 00:00:00+00:00
[2025-03-13T06:56:16.221+0000] {processor.py:183} INFO - Processing /opt/airflow/dags/etl_multi_source_db.py took 0.317 seconds
[2025-03-13T06:56:46.541+0000] {processor.py:161} INFO - Started process (PID=251) to work on /opt/airflow/dags/etl_multi_source_db.py
[2025-03-13T06:56:46.542+0000] {processor.py:830} INFO - Processing file /opt/airflow/dags/etl_multi_source_db.py for tasks to queue
[2025-03-13T06:56:46.543+0000] {logging_mixin.py:188} INFO - [2025-03-13T06:56:46.543+0000] {dagbag.py:538} INFO - Filling up the DagBag from /opt/airflow/dags/etl_multi_source_db.py
[2025-03-13T06:56:46.762+0000] {processor.py:840} INFO - DAG(s) 'etl_multi_source' retrieved from /opt/airflow/dags/etl_multi_source_db.py
[2025-03-13T06:56:46.786+0000] {logging_mixin.py:188} INFO - [2025-03-13T06:56:46.786+0000] {dag.py:3036} INFO - Sync 1 DAGs
[2025-03-13T06:56:46.804+0000] {logging_mixin.py:188} INFO - [2025-03-13T06:56:46.804+0000] {dag.py:3823} INFO - Setting next_dagrun for etl_multi_source to 2025-03-12 00:00:00+00:00, run_after=2025-03-13 00:00:00+00:00
[2025-03-13T06:56:46.819+0000] {processor.py:183} INFO - Processing /opt/airflow/dags/etl_multi_source_db.py took 0.280 seconds
[2025-03-13T06:57:17.110+0000] {processor.py:161} INFO - Started process (PID=277) to work on /opt/airflow/dags/etl_multi_source_db.py
[2025-03-13T06:57:17.112+0000] {processor.py:830} INFO - Processing file /opt/airflow/dags/etl_multi_source_db.py for tasks to queue
[2025-03-13T06:57:17.113+0000] {logging_mixin.py:188} INFO - [2025-03-13T06:57:17.112+0000] {dagbag.py:538} INFO - Filling up the DagBag from /opt/airflow/dags/etl_multi_source_db.py
[2025-03-13T06:57:17.322+0000] {processor.py:840} INFO - DAG(s) 'etl_multi_source' retrieved from /opt/airflow/dags/etl_multi_source_db.py
[2025-03-13T06:57:17.344+0000] {logging_mixin.py:188} INFO - [2025-03-13T06:57:17.344+0000] {dag.py:3036} INFO - Sync 1 DAGs
[2025-03-13T06:57:17.362+0000] {logging_mixin.py:188} INFO - [2025-03-13T06:57:17.362+0000] {dag.py:3823} INFO - Setting next_dagrun for etl_multi_source to 2025-03-12 00:00:00+00:00, run_after=2025-03-13 00:00:00+00:00
[2025-03-13T06:57:17.380+0000] {processor.py:183} INFO - Processing /opt/airflow/dags/etl_multi_source_db.py took 0.273 seconds
[2025-03-13T06:57:47.666+0000] {processor.py:161} INFO - Started process (PID=303) to work on /opt/airflow/dags/etl_multi_source_db.py
[2025-03-13T06:57:47.667+0000] {processor.py:830} INFO - Processing file /opt/airflow/dags/etl_multi_source_db.py for tasks to queue
[2025-03-13T06:57:47.667+0000] {logging_mixin.py:188} INFO - [2025-03-13T06:57:47.667+0000] {dagbag.py:538} INFO - Filling up the DagBag from /opt/airflow/dags/etl_multi_source_db.py
[2025-03-13T06:57:47.876+0000] {processor.py:840} INFO - DAG(s) 'etl_multi_source' retrieved from /opt/airflow/dags/etl_multi_source_db.py
[2025-03-13T06:57:47.899+0000] {logging_mixin.py:188} INFO - [2025-03-13T06:57:47.899+0000] {dag.py:3036} INFO - Sync 1 DAGs
[2025-03-13T06:57:47.919+0000] {logging_mixin.py:188} INFO - [2025-03-13T06:57:47.919+0000] {dag.py:3823} INFO - Setting next_dagrun for etl_multi_source to 2025-03-12 00:00:00+00:00, run_after=2025-03-13 00:00:00+00:00
[2025-03-13T06:57:47.940+0000] {processor.py:183} INFO - Processing /opt/airflow/dags/etl_multi_source_db.py took 0.276 seconds
[2025-03-13T06:58:18.258+0000] {processor.py:161} INFO - Started process (PID=329) to work on /opt/airflow/dags/etl_multi_source_db.py
[2025-03-13T06:58:18.260+0000] {processor.py:830} INFO - Processing file /opt/airflow/dags/etl_multi_source_db.py for tasks to queue
[2025-03-13T06:58:18.261+0000] {logging_mixin.py:188} INFO - [2025-03-13T06:58:18.261+0000] {dagbag.py:538} INFO - Filling up the DagBag from /opt/airflow/dags/etl_multi_source_db.py
[2025-03-13T06:58:18.509+0000] {processor.py:840} INFO - DAG(s) 'etl_multi_source' retrieved from /opt/airflow/dags/etl_multi_source_db.py
[2025-03-13T06:58:18.530+0000] {logging_mixin.py:188} INFO - [2025-03-13T06:58:18.530+0000] {dag.py:3036} INFO - Sync 1 DAGs
[2025-03-13T06:58:18.549+0000] {logging_mixin.py:188} INFO - [2025-03-13T06:58:18.549+0000] {dag.py:3823} INFO - Setting next_dagrun for etl_multi_source to 2025-03-12 00:00:00+00:00, run_after=2025-03-13 00:00:00+00:00
[2025-03-13T06:58:18.564+0000] {processor.py:183} INFO - Processing /opt/airflow/dags/etl_multi_source_db.py took 0.310 seconds
[2025-03-13T06:58:48.873+0000] {processor.py:161} INFO - Started process (PID=347) to work on /opt/airflow/dags/etl_multi_source_db.py
[2025-03-13T06:58:48.874+0000] {processor.py:830} INFO - Processing file /opt/airflow/dags/etl_multi_source_db.py for tasks to queue
[2025-03-13T06:58:48.875+0000] {logging_mixin.py:188} INFO - [2025-03-13T06:58:48.875+0000] {dagbag.py:538} INFO - Filling up the DagBag from /opt/airflow/dags/etl_multi_source_db.py
[2025-03-13T06:58:49.118+0000] {processor.py:840} INFO - DAG(s) 'etl_multi_source' retrieved from /opt/airflow/dags/etl_multi_source_db.py
[2025-03-13T06:58:49.143+0000] {logging_mixin.py:188} INFO - [2025-03-13T06:58:49.143+0000] {dag.py:3036} INFO - Sync 1 DAGs
[2025-03-13T06:58:49.161+0000] {logging_mixin.py:188} INFO - [2025-03-13T06:58:49.161+0000] {dag.py:3823} INFO - Setting next_dagrun for etl_multi_source to 2025-03-12 00:00:00+00:00, run_after=2025-03-13 00:00:00+00:00
[2025-03-13T06:58:49.179+0000] {processor.py:183} INFO - Processing /opt/airflow/dags/etl_multi_source_db.py took 0.309 seconds
[2025-03-13T06:59:19.511+0000] {processor.py:161} INFO - Started process (PID=373) to work on /opt/airflow/dags/etl_multi_source_db.py
[2025-03-13T06:59:19.513+0000] {processor.py:830} INFO - Processing file /opt/airflow/dags/etl_multi_source_db.py for tasks to queue
[2025-03-13T06:59:19.514+0000] {logging_mixin.py:188} INFO - [2025-03-13T06:59:19.513+0000] {dagbag.py:538} INFO - Filling up the DagBag from /opt/airflow/dags/etl_multi_source_db.py
[2025-03-13T06:59:19.721+0000] {processor.py:840} INFO - DAG(s) 'etl_multi_source' retrieved from /opt/airflow/dags/etl_multi_source_db.py
[2025-03-13T06:59:19.744+0000] {logging_mixin.py:188} INFO - [2025-03-13T06:59:19.744+0000] {dag.py:3036} INFO - Sync 1 DAGs
[2025-03-13T06:59:19.761+0000] {logging_mixin.py:188} INFO - [2025-03-13T06:59:19.761+0000] {dag.py:3823} INFO - Setting next_dagrun for etl_multi_source to 2025-03-12 00:00:00+00:00, run_after=2025-03-13 00:00:00+00:00
[2025-03-13T06:59:19.775+0000] {processor.py:183} INFO - Processing /opt/airflow/dags/etl_multi_source_db.py took 0.266 seconds
[2025-03-13T06:59:50.051+0000] {processor.py:161} INFO - Started process (PID=399) to work on /opt/airflow/dags/etl_multi_source_db.py
[2025-03-13T06:59:50.052+0000] {processor.py:830} INFO - Processing file /opt/airflow/dags/etl_multi_source_db.py for tasks to queue
[2025-03-13T06:59:50.052+0000] {logging_mixin.py:188} INFO - [2025-03-13T06:59:50.052+0000] {dagbag.py:538} INFO - Filling up the DagBag from /opt/airflow/dags/etl_multi_source_db.py
[2025-03-13T06:59:50.258+0000] {processor.py:840} INFO - DAG(s) 'etl_multi_source' retrieved from /opt/airflow/dags/etl_multi_source_db.py
[2025-03-13T06:59:50.282+0000] {logging_mixin.py:188} INFO - [2025-03-13T06:59:50.281+0000] {dag.py:3036} INFO - Sync 1 DAGs
[2025-03-13T06:59:50.298+0000] {logging_mixin.py:188} INFO - [2025-03-13T06:59:50.298+0000] {dag.py:3823} INFO - Setting next_dagrun for etl_multi_source to 2025-03-12 00:00:00+00:00, run_after=2025-03-13 00:00:00+00:00
[2025-03-13T06:59:50.312+0000] {processor.py:183} INFO - Processing /opt/airflow/dags/etl_multi_source_db.py took 0.265 seconds
[2025-03-13T07:00:20.628+0000] {processor.py:161} INFO - Started process (PID=425) to work on /opt/airflow/dags/etl_multi_source_db.py
[2025-03-13T07:00:20.631+0000] {processor.py:830} INFO - Processing file /opt/airflow/dags/etl_multi_source_db.py for tasks to queue
[2025-03-13T07:00:20.632+0000] {logging_mixin.py:188} INFO - [2025-03-13T07:00:20.631+0000] {dagbag.py:538} INFO - Filling up the DagBag from /opt/airflow/dags/etl_multi_source_db.py
[2025-03-13T07:00:20.833+0000] {processor.py:840} INFO - DAG(s) 'etl_multi_source' retrieved from /opt/airflow/dags/etl_multi_source_db.py
[2025-03-13T07:00:20.855+0000] {logging_mixin.py:188} INFO - [2025-03-13T07:00:20.855+0000] {dag.py:3036} INFO - Sync 1 DAGs
[2025-03-13T07:00:20.872+0000] {logging_mixin.py:188} INFO - [2025-03-13T07:00:20.872+0000] {dag.py:3823} INFO - Setting next_dagrun for etl_multi_source to 2025-03-12 00:00:00+00:00, run_after=2025-03-13 00:00:00+00:00
[2025-03-13T07:00:20.886+0000] {processor.py:183} INFO - Processing /opt/airflow/dags/etl_multi_source_db.py took 0.261 seconds
[2025-03-13T07:00:51.184+0000] {processor.py:161} INFO - Started process (PID=451) to work on /opt/airflow/dags/etl_multi_source_db.py
[2025-03-13T07:00:51.186+0000] {processor.py:830} INFO - Processing file /opt/airflow/dags/etl_multi_source_db.py for tasks to queue
[2025-03-13T07:00:51.187+0000] {logging_mixin.py:188} INFO - [2025-03-13T07:00:51.187+0000] {dagbag.py:538} INFO - Filling up the DagBag from /opt/airflow/dags/etl_multi_source_db.py
[2025-03-13T07:00:51.410+0000] {processor.py:840} INFO - DAG(s) 'etl_multi_source' retrieved from /opt/airflow/dags/etl_multi_source_db.py
[2025-03-13T07:00:51.438+0000] {logging_mixin.py:188} INFO - [2025-03-13T07:00:51.438+0000] {dag.py:3036} INFO - Sync 1 DAGs
[2025-03-13T07:00:51.455+0000] {logging_mixin.py:188} INFO - [2025-03-13T07:00:51.455+0000] {dag.py:3823} INFO - Setting next_dagrun for etl_multi_source to 2025-03-12 00:00:00+00:00, run_after=2025-03-13 00:00:00+00:00
[2025-03-13T07:00:51.469+0000] {processor.py:183} INFO - Processing /opt/airflow/dags/etl_multi_source_db.py took 0.287 seconds
[2025-03-13T07:01:21.761+0000] {processor.py:161} INFO - Started process (PID=477) to work on /opt/airflow/dags/etl_multi_source_db.py
[2025-03-13T07:01:21.762+0000] {processor.py:830} INFO - Processing file /opt/airflow/dags/etl_multi_source_db.py for tasks to queue
[2025-03-13T07:01:21.763+0000] {logging_mixin.py:188} INFO - [2025-03-13T07:01:21.762+0000] {dagbag.py:538} INFO - Filling up the DagBag from /opt/airflow/dags/etl_multi_source_db.py
[2025-03-13T07:01:21.968+0000] {processor.py:840} INFO - DAG(s) 'etl_multi_source' retrieved from /opt/airflow/dags/etl_multi_source_db.py
[2025-03-13T07:01:21.996+0000] {logging_mixin.py:188} INFO - [2025-03-13T07:01:21.996+0000] {dag.py:3036} INFO - Sync 1 DAGs
[2025-03-13T07:01:22.014+0000] {logging_mixin.py:188} INFO - [2025-03-13T07:01:22.014+0000] {dag.py:3823} INFO - Setting next_dagrun for etl_multi_source to 2025-03-12 00:00:00+00:00, run_after=2025-03-13 00:00:00+00:00
[2025-03-13T07:01:22.029+0000] {processor.py:183} INFO - Processing /opt/airflow/dags/etl_multi_source_db.py took 0.271 seconds
[2025-03-13T07:01:52.328+0000] {processor.py:161} INFO - Started process (PID=503) to work on /opt/airflow/dags/etl_multi_source_db.py
[2025-03-13T07:01:52.330+0000] {processor.py:830} INFO - Processing file /opt/airflow/dags/etl_multi_source_db.py for tasks to queue
[2025-03-13T07:01:52.330+0000] {logging_mixin.py:188} INFO - [2025-03-13T07:01:52.330+0000] {dagbag.py:538} INFO - Filling up the DagBag from /opt/airflow/dags/etl_multi_source_db.py
[2025-03-13T07:01:52.542+0000] {processor.py:840} INFO - DAG(s) 'etl_multi_source' retrieved from /opt/airflow/dags/etl_multi_source_db.py
[2025-03-13T07:01:52.571+0000] {logging_mixin.py:188} INFO - [2025-03-13T07:01:52.571+0000] {dag.py:3036} INFO - Sync 1 DAGs
[2025-03-13T07:01:52.595+0000] {logging_mixin.py:188} INFO - [2025-03-13T07:01:52.595+0000] {dag.py:3823} INFO - Setting next_dagrun for etl_multi_source to 2025-03-12 00:00:00+00:00, run_after=2025-03-13 00:00:00+00:00
[2025-03-13T07:01:52.618+0000] {processor.py:183} INFO - Processing /opt/airflow/dags/etl_multi_source_db.py took 0.293 seconds
[2025-03-13T07:02:22.949+0000] {processor.py:161} INFO - Started process (PID=529) to work on /opt/airflow/dags/etl_multi_source_db.py
[2025-03-13T07:02:22.950+0000] {processor.py:830} INFO - Processing file /opt/airflow/dags/etl_multi_source_db.py for tasks to queue
[2025-03-13T07:02:22.951+0000] {logging_mixin.py:188} INFO - [2025-03-13T07:02:22.951+0000] {dagbag.py:538} INFO - Filling up the DagBag from /opt/airflow/dags/etl_multi_source_db.py
[2025-03-13T07:02:23.178+0000] {processor.py:840} INFO - DAG(s) 'etl_multi_source' retrieved from /opt/airflow/dags/etl_multi_source_db.py
[2025-03-13T07:02:23.204+0000] {logging_mixin.py:188} INFO - [2025-03-13T07:02:23.203+0000] {dag.py:3036} INFO - Sync 1 DAGs
[2025-03-13T07:02:23.221+0000] {logging_mixin.py:188} INFO - [2025-03-13T07:02:23.221+0000] {dag.py:3823} INFO - Setting next_dagrun for etl_multi_source to 2025-03-12 00:00:00+00:00, run_after=2025-03-13 00:00:00+00:00
[2025-03-13T07:02:23.239+0000] {processor.py:183} INFO - Processing /opt/airflow/dags/etl_multi_source_db.py took 0.293 seconds
