[2025-03-13T12:44:20.630+0000] {processor.py:161} INFO - Started process (PID=181) to work on /opt/airflow/dags/etl_repeat_weather.py
[2025-03-13T12:44:20.632+0000] {processor.py:830} INFO - Processing file /opt/airflow/dags/etl_repeat_weather.py for tasks to queue
[2025-03-13T12:44:20.634+0000] {logging_mixin.py:188} INFO - [2025-03-13T12:44:20.633+0000] {dagbag.py:538} INFO - Filling up the DagBag from /opt/airflow/dags/etl_repeat_weather.py
[2025-03-13T12:44:21.420+0000] {processor.py:840} INFO - DAG(s) 'weather_data_etl' retrieved from /opt/airflow/dags/etl_repeat_weather.py
[2025-03-13T12:44:21.441+0000] {logging_mixin.py:188} INFO - [2025-03-13T12:44:21.441+0000] {dag.py:3036} INFO - Sync 1 DAGs
[2025-03-13T12:44:21.461+0000] {logging_mixin.py:188} INFO - [2025-03-13T12:44:21.461+0000] {dag.py:3823} INFO - Setting next_dagrun for weather_data_etl to 2025-03-13 12:35:00+00:00, run_after=2025-03-13 12:40:00+00:00
[2025-03-13T12:44:21.483+0000] {processor.py:183} INFO - Processing /opt/airflow/dags/etl_repeat_weather.py took 0.856 seconds
[2025-03-13T12:44:52.064+0000] {processor.py:161} INFO - Started process (PID=222) to work on /opt/airflow/dags/etl_repeat_weather.py
[2025-03-13T12:44:52.065+0000] {processor.py:830} INFO - Processing file /opt/airflow/dags/etl_repeat_weather.py for tasks to queue
[2025-03-13T12:44:52.066+0000] {logging_mixin.py:188} INFO - [2025-03-13T12:44:52.066+0000] {dagbag.py:538} INFO - Filling up the DagBag from /opt/airflow/dags/etl_repeat_weather.py
[2025-03-13T12:44:52.332+0000] {processor.py:840} INFO - DAG(s) 'weather_data_etl' retrieved from /opt/airflow/dags/etl_repeat_weather.py
[2025-03-13T12:44:52.490+0000] {logging_mixin.py:188} INFO - [2025-03-13T12:44:52.490+0000] {dag.py:3036} INFO - Sync 1 DAGs
[2025-03-13T12:44:52.645+0000] {logging_mixin.py:188} INFO - [2025-03-13T12:44:52.645+0000] {dag.py:3823} INFO - Setting next_dagrun for weather_data_etl to 2025-03-13 12:40:00+00:00, run_after=2025-03-13 12:45:00+00:00
[2025-03-13T12:44:52.666+0000] {processor.py:183} INFO - Processing /opt/airflow/dags/etl_repeat_weather.py took 0.604 seconds
[2025-03-13T12:45:22.992+0000] {processor.py:161} INFO - Started process (PID=263) to work on /opt/airflow/dags/etl_repeat_weather.py
[2025-03-13T12:45:22.993+0000] {processor.py:830} INFO - Processing file /opt/airflow/dags/etl_repeat_weather.py for tasks to queue
[2025-03-13T12:45:22.994+0000] {logging_mixin.py:188} INFO - [2025-03-13T12:45:22.993+0000] {dagbag.py:538} INFO - Filling up the DagBag from /opt/airflow/dags/etl_repeat_weather.py
[2025-03-13T12:45:23.232+0000] {processor.py:840} INFO - DAG(s) 'weather_data_etl' retrieved from /opt/airflow/dags/etl_repeat_weather.py
[2025-03-13T12:45:23.258+0000] {logging_mixin.py:188} INFO - [2025-03-13T12:45:23.257+0000] {dag.py:3036} INFO - Sync 1 DAGs
[2025-03-13T12:45:23.278+0000] {logging_mixin.py:188} INFO - [2025-03-13T12:45:23.278+0000] {dag.py:3823} INFO - Setting next_dagrun for weather_data_etl to 2025-03-13 12:45:00+00:00, run_after=2025-03-13 12:50:00+00:00
[2025-03-13T12:45:23.296+0000] {processor.py:183} INFO - Processing /opt/airflow/dags/etl_repeat_weather.py took 0.306 seconds
[2025-03-13T12:45:53.930+0000] {processor.py:161} INFO - Started process (PID=295) to work on /opt/airflow/dags/etl_repeat_weather.py
[2025-03-13T12:45:53.931+0000] {processor.py:830} INFO - Processing file /opt/airflow/dags/etl_repeat_weather.py for tasks to queue
[2025-03-13T12:45:53.932+0000] {logging_mixin.py:188} INFO - [2025-03-13T12:45:53.931+0000] {dagbag.py:538} INFO - Filling up the DagBag from /opt/airflow/dags/etl_repeat_weather.py
[2025-03-13T12:45:54.159+0000] {processor.py:840} INFO - DAG(s) 'weather_data_etl' retrieved from /opt/airflow/dags/etl_repeat_weather.py
[2025-03-13T12:45:54.186+0000] {logging_mixin.py:188} INFO - [2025-03-13T12:45:54.185+0000] {dag.py:3036} INFO - Sync 1 DAGs
[2025-03-13T12:45:54.205+0000] {logging_mixin.py:188} INFO - [2025-03-13T12:45:54.205+0000] {dag.py:3823} INFO - Setting next_dagrun for weather_data_etl to 2025-03-13 12:45:00+00:00, run_after=2025-03-13 12:50:00+00:00
[2025-03-13T12:45:54.223+0000] {processor.py:183} INFO - Processing /opt/airflow/dags/etl_repeat_weather.py took 0.297 seconds
[2025-03-13T12:46:24.843+0000] {processor.py:161} INFO - Started process (PID=327) to work on /opt/airflow/dags/etl_repeat_weather.py
[2025-03-13T12:46:24.844+0000] {processor.py:830} INFO - Processing file /opt/airflow/dags/etl_repeat_weather.py for tasks to queue
[2025-03-13T12:46:24.844+0000] {logging_mixin.py:188} INFO - [2025-03-13T12:46:24.844+0000] {dagbag.py:538} INFO - Filling up the DagBag from /opt/airflow/dags/etl_repeat_weather.py
[2025-03-13T12:46:25.068+0000] {processor.py:840} INFO - DAG(s) 'weather_data_etl' retrieved from /opt/airflow/dags/etl_repeat_weather.py
[2025-03-13T12:46:25.091+0000] {logging_mixin.py:188} INFO - [2025-03-13T12:46:25.091+0000] {dag.py:3036} INFO - Sync 1 DAGs
[2025-03-13T12:46:25.237+0000] {logging_mixin.py:188} INFO - [2025-03-13T12:46:25.236+0000] {dag.py:3823} INFO - Setting next_dagrun for weather_data_etl to 2025-03-13 12:45:00+00:00, run_after=2025-03-13 12:50:00+00:00
[2025-03-13T12:46:25.251+0000] {processor.py:183} INFO - Processing /opt/airflow/dags/etl_repeat_weather.py took 0.410 seconds
[2025-03-13T12:46:55.741+0000] {processor.py:161} INFO - Started process (PID=359) to work on /opt/airflow/dags/etl_repeat_weather.py
[2025-03-13T12:46:55.742+0000] {processor.py:830} INFO - Processing file /opt/airflow/dags/etl_repeat_weather.py for tasks to queue
[2025-03-13T12:46:55.743+0000] {logging_mixin.py:188} INFO - [2025-03-13T12:46:55.743+0000] {dagbag.py:538} INFO - Filling up the DagBag from /opt/airflow/dags/etl_repeat_weather.py
[2025-03-13T12:46:55.958+0000] {processor.py:840} INFO - DAG(s) 'weather_data_etl' retrieved from /opt/airflow/dags/etl_repeat_weather.py
[2025-03-13T12:46:55.983+0000] {logging_mixin.py:188} INFO - [2025-03-13T12:46:55.982+0000] {dag.py:3036} INFO - Sync 1 DAGs
[2025-03-13T12:46:56.009+0000] {logging_mixin.py:188} INFO - [2025-03-13T12:46:56.008+0000] {dag.py:3823} INFO - Setting next_dagrun for weather_data_etl to 2025-03-13 12:45:00+00:00, run_after=2025-03-13 12:50:00+00:00
[2025-03-13T12:46:56.025+0000] {processor.py:183} INFO - Processing /opt/airflow/dags/etl_repeat_weather.py took 0.286 seconds
[2025-03-13T12:47:26.754+0000] {processor.py:161} INFO - Started process (PID=391) to work on /opt/airflow/dags/etl_repeat_weather.py
[2025-03-13T12:47:26.755+0000] {processor.py:830} INFO - Processing file /opt/airflow/dags/etl_repeat_weather.py for tasks to queue
[2025-03-13T12:47:26.755+0000] {logging_mixin.py:188} INFO - [2025-03-13T12:47:26.755+0000] {dagbag.py:538} INFO - Filling up the DagBag from /opt/airflow/dags/etl_repeat_weather.py
[2025-03-13T12:47:26.988+0000] {processor.py:840} INFO - DAG(s) 'weather_data_etl' retrieved from /opt/airflow/dags/etl_repeat_weather.py
[2025-03-13T12:47:27.013+0000] {logging_mixin.py:188} INFO - [2025-03-13T12:47:27.012+0000] {dag.py:3036} INFO - Sync 1 DAGs
[2025-03-13T12:47:27.031+0000] {logging_mixin.py:188} INFO - [2025-03-13T12:47:27.031+0000] {dag.py:3823} INFO - Setting next_dagrun for weather_data_etl to 2025-03-13 12:45:00+00:00, run_after=2025-03-13 12:50:00+00:00
[2025-03-13T12:47:27.048+0000] {processor.py:183} INFO - Processing /opt/airflow/dags/etl_repeat_weather.py took 0.297 seconds
[2025-03-13T12:47:57.661+0000] {processor.py:161} INFO - Started process (PID=423) to work on /opt/airflow/dags/etl_repeat_weather.py
[2025-03-13T12:47:57.662+0000] {processor.py:830} INFO - Processing file /opt/airflow/dags/etl_repeat_weather.py for tasks to queue
[2025-03-13T12:47:57.662+0000] {logging_mixin.py:188} INFO - [2025-03-13T12:47:57.662+0000] {dagbag.py:538} INFO - Filling up the DagBag from /opt/airflow/dags/etl_repeat_weather.py
[2025-03-13T12:47:57.886+0000] {processor.py:840} INFO - DAG(s) 'weather_data_etl' retrieved from /opt/airflow/dags/etl_repeat_weather.py
[2025-03-13T12:47:57.906+0000] {logging_mixin.py:188} INFO - [2025-03-13T12:47:57.906+0000] {dag.py:3036} INFO - Sync 1 DAGs
[2025-03-13T12:47:58.064+0000] {logging_mixin.py:188} INFO - [2025-03-13T12:47:58.064+0000] {dag.py:3823} INFO - Setting next_dagrun for weather_data_etl to 2025-03-13 12:45:00+00:00, run_after=2025-03-13 12:50:00+00:00
[2025-03-13T12:47:58.080+0000] {processor.py:183} INFO - Processing /opt/airflow/dags/etl_repeat_weather.py took 0.421 seconds
[2025-03-13T12:48:28.257+0000] {processor.py:161} INFO - Started process (PID=454) to work on /opt/airflow/dags/etl_repeat_weather.py
[2025-03-13T12:48:28.258+0000] {processor.py:830} INFO - Processing file /opt/airflow/dags/etl_repeat_weather.py for tasks to queue
[2025-03-13T12:48:28.258+0000] {logging_mixin.py:188} INFO - [2025-03-13T12:48:28.258+0000] {dagbag.py:538} INFO - Filling up the DagBag from /opt/airflow/dags/etl_repeat_weather.py
[2025-03-13T12:48:28.481+0000] {processor.py:840} INFO - DAG(s) 'weather_data_etl' retrieved from /opt/airflow/dags/etl_repeat_weather.py
[2025-03-13T12:48:28.505+0000] {logging_mixin.py:188} INFO - [2025-03-13T12:48:28.505+0000] {dag.py:3036} INFO - Sync 1 DAGs
[2025-03-13T12:48:28.524+0000] {logging_mixin.py:188} INFO - [2025-03-13T12:48:28.524+0000] {dag.py:3823} INFO - Setting next_dagrun for weather_data_etl to 2025-03-13 12:45:00+00:00, run_after=2025-03-13 12:50:00+00:00
[2025-03-13T12:48:28.540+0000] {processor.py:183} INFO - Processing /opt/airflow/dags/etl_repeat_weather.py took 0.286 seconds
[2025-03-13T12:48:58.646+0000] {processor.py:161} INFO - Started process (PID=486) to work on /opt/airflow/dags/etl_repeat_weather.py
[2025-03-13T12:48:58.647+0000] {processor.py:830} INFO - Processing file /opt/airflow/dags/etl_repeat_weather.py for tasks to queue
[2025-03-13T12:48:58.648+0000] {logging_mixin.py:188} INFO - [2025-03-13T12:48:58.648+0000] {dagbag.py:538} INFO - Filling up the DagBag from /opt/airflow/dags/etl_repeat_weather.py
[2025-03-13T12:48:58.856+0000] {processor.py:840} INFO - DAG(s) 'weather_data_etl' retrieved from /opt/airflow/dags/etl_repeat_weather.py
[2025-03-13T12:48:59.000+0000] {logging_mixin.py:188} INFO - [2025-03-13T12:48:58.999+0000] {dag.py:3036} INFO - Sync 1 DAGs
[2025-03-13T12:48:59.016+0000] {logging_mixin.py:188} INFO - [2025-03-13T12:48:59.015+0000] {dag.py:3823} INFO - Setting next_dagrun for weather_data_etl to 2025-03-13 12:45:00+00:00, run_after=2025-03-13 12:50:00+00:00
[2025-03-13T12:48:59.030+0000] {processor.py:183} INFO - Processing /opt/airflow/dags/etl_repeat_weather.py took 0.386 seconds
[2025-03-13T12:49:29.754+0000] {processor.py:161} INFO - Started process (PID=518) to work on /opt/airflow/dags/etl_repeat_weather.py
[2025-03-13T12:49:29.755+0000] {processor.py:830} INFO - Processing file /opt/airflow/dags/etl_repeat_weather.py for tasks to queue
[2025-03-13T12:49:29.756+0000] {logging_mixin.py:188} INFO - [2025-03-13T12:49:29.756+0000] {dagbag.py:538} INFO - Filling up the DagBag from /opt/airflow/dags/etl_repeat_weather.py
[2025-03-13T12:49:29.977+0000] {processor.py:840} INFO - DAG(s) 'weather_data_etl' retrieved from /opt/airflow/dags/etl_repeat_weather.py
[2025-03-13T12:49:29.998+0000] {logging_mixin.py:188} INFO - [2025-03-13T12:49:29.998+0000] {dag.py:3036} INFO - Sync 1 DAGs
[2025-03-13T12:49:30.158+0000] {logging_mixin.py:188} INFO - [2025-03-13T12:49:30.157+0000] {dag.py:3823} INFO - Setting next_dagrun for weather_data_etl to 2025-03-13 12:45:00+00:00, run_after=2025-03-13 12:50:00+00:00
[2025-03-13T12:49:30.175+0000] {processor.py:183} INFO - Processing /opt/airflow/dags/etl_repeat_weather.py took 0.423 seconds
[2025-03-13T12:50:00.296+0000] {processor.py:161} INFO - Started process (PID=550) to work on /opt/airflow/dags/etl_repeat_weather.py
[2025-03-13T12:50:00.298+0000] {processor.py:830} INFO - Processing file /opt/airflow/dags/etl_repeat_weather.py for tasks to queue
[2025-03-13T12:50:00.300+0000] {logging_mixin.py:188} INFO - [2025-03-13T12:50:00.299+0000] {dagbag.py:538} INFO - Filling up the DagBag from /opt/airflow/dags/etl_repeat_weather.py
[2025-03-13T12:50:00.721+0000] {processor.py:840} INFO - DAG(s) 'weather_data_etl' retrieved from /opt/airflow/dags/etl_repeat_weather.py
[2025-03-13T12:50:00.741+0000] {logging_mixin.py:188} INFO - [2025-03-13T12:50:00.740+0000] {dag.py:3036} INFO - Sync 1 DAGs
[2025-03-13T12:50:00.756+0000] {logging_mixin.py:188} INFO - [2025-03-13T12:50:00.756+0000] {dag.py:3823} INFO - Setting next_dagrun for weather_data_etl to 2025-03-13 12:50:00+00:00, run_after=2025-03-13 12:55:00+00:00
[2025-03-13T12:50:00.774+0000] {processor.py:183} INFO - Processing /opt/airflow/dags/etl_repeat_weather.py took 0.481 seconds
[2025-03-13T12:50:30.941+0000] {processor.py:161} INFO - Started process (PID=583) to work on /opt/airflow/dags/etl_repeat_weather.py
[2025-03-13T12:50:30.942+0000] {processor.py:830} INFO - Processing file /opt/airflow/dags/etl_repeat_weather.py for tasks to queue
[2025-03-13T12:50:30.943+0000] {logging_mixin.py:188} INFO - [2025-03-13T12:50:30.943+0000] {dagbag.py:538} INFO - Filling up the DagBag from /opt/airflow/dags/etl_repeat_weather.py
[2025-03-13T12:50:31.161+0000] {processor.py:840} INFO - DAG(s) 'weather_data_etl' retrieved from /opt/airflow/dags/etl_repeat_weather.py
[2025-03-13T12:50:31.322+0000] {logging_mixin.py:188} INFO - [2025-03-13T12:50:31.322+0000] {dag.py:3036} INFO - Sync 1 DAGs
[2025-03-13T12:50:31.339+0000] {logging_mixin.py:188} INFO - [2025-03-13T12:50:31.339+0000] {dag.py:3823} INFO - Setting next_dagrun for weather_data_etl to 2025-03-13 12:50:00+00:00, run_after=2025-03-13 12:55:00+00:00
[2025-03-13T12:50:31.360+0000] {processor.py:183} INFO - Processing /opt/airflow/dags/etl_repeat_weather.py took 0.421 seconds
[2025-03-13T12:51:01.463+0000] {processor.py:161} INFO - Started process (PID=615) to work on /opt/airflow/dags/etl_repeat_weather.py
[2025-03-13T12:51:01.464+0000] {processor.py:830} INFO - Processing file /opt/airflow/dags/etl_repeat_weather.py for tasks to queue
[2025-03-13T12:51:01.465+0000] {logging_mixin.py:188} INFO - [2025-03-13T12:51:01.465+0000] {dagbag.py:538} INFO - Filling up the DagBag from /opt/airflow/dags/etl_repeat_weather.py
[2025-03-13T12:51:01.802+0000] {processor.py:840} INFO - DAG(s) 'weather_data_etl' retrieved from /opt/airflow/dags/etl_repeat_weather.py
[2025-03-13T12:51:01.821+0000] {logging_mixin.py:188} INFO - [2025-03-13T12:51:01.820+0000] {dag.py:3036} INFO - Sync 1 DAGs
[2025-03-13T12:51:01.837+0000] {logging_mixin.py:188} INFO - [2025-03-13T12:51:01.837+0000] {dag.py:3823} INFO - Setting next_dagrun for weather_data_etl to 2025-03-13 12:50:00+00:00, run_after=2025-03-13 12:55:00+00:00
[2025-03-13T12:51:01.854+0000] {processor.py:183} INFO - Processing /opt/airflow/dags/etl_repeat_weather.py took 0.393 seconds
[2025-03-13T12:51:31.974+0000] {processor.py:161} INFO - Started process (PID=647) to work on /opt/airflow/dags/etl_repeat_weather.py
[2025-03-13T12:51:31.975+0000] {processor.py:830} INFO - Processing file /opt/airflow/dags/etl_repeat_weather.py for tasks to queue
[2025-03-13T12:51:31.976+0000] {logging_mixin.py:188} INFO - [2025-03-13T12:51:31.975+0000] {dagbag.py:538} INFO - Filling up the DagBag from /opt/airflow/dags/etl_repeat_weather.py
[2025-03-13T12:51:32.325+0000] {processor.py:840} INFO - DAG(s) 'weather_data_etl' retrieved from /opt/airflow/dags/etl_repeat_weather.py
[2025-03-13T12:51:32.347+0000] {logging_mixin.py:188} INFO - [2025-03-13T12:51:32.347+0000] {dag.py:3036} INFO - Sync 1 DAGs
[2025-03-13T12:51:32.362+0000] {logging_mixin.py:188} INFO - [2025-03-13T12:51:32.361+0000] {dag.py:3823} INFO - Setting next_dagrun for weather_data_etl to 2025-03-13 12:50:00+00:00, run_after=2025-03-13 12:55:00+00:00
[2025-03-13T12:51:32.376+0000] {processor.py:183} INFO - Processing /opt/airflow/dags/etl_repeat_weather.py took 0.405 seconds
[2025-03-13T12:52:02.507+0000] {processor.py:161} INFO - Started process (PID=679) to work on /opt/airflow/dags/etl_repeat_weather.py
[2025-03-13T12:52:02.508+0000] {processor.py:830} INFO - Processing file /opt/airflow/dags/etl_repeat_weather.py for tasks to queue
[2025-03-13T12:52:02.509+0000] {logging_mixin.py:188} INFO - [2025-03-13T12:52:02.509+0000] {dagbag.py:538} INFO - Filling up the DagBag from /opt/airflow/dags/etl_repeat_weather.py
[2025-03-13T12:52:02.855+0000] {processor.py:840} INFO - DAG(s) 'weather_data_etl' retrieved from /opt/airflow/dags/etl_repeat_weather.py
[2025-03-13T12:52:02.876+0000] {logging_mixin.py:188} INFO - [2025-03-13T12:52:02.876+0000] {dag.py:3036} INFO - Sync 1 DAGs
[2025-03-13T12:52:02.892+0000] {logging_mixin.py:188} INFO - [2025-03-13T12:52:02.892+0000] {dag.py:3823} INFO - Setting next_dagrun for weather_data_etl to 2025-03-13 12:50:00+00:00, run_after=2025-03-13 12:55:00+00:00
[2025-03-13T12:52:02.906+0000] {processor.py:183} INFO - Processing /opt/airflow/dags/etl_repeat_weather.py took 0.402 seconds
[2025-03-13T12:52:33.039+0000] {processor.py:161} INFO - Started process (PID=711) to work on /opt/airflow/dags/etl_repeat_weather.py
[2025-03-13T12:52:33.040+0000] {processor.py:830} INFO - Processing file /opt/airflow/dags/etl_repeat_weather.py for tasks to queue
[2025-03-13T12:52:33.041+0000] {logging_mixin.py:188} INFO - [2025-03-13T12:52:33.040+0000] {dagbag.py:538} INFO - Filling up the DagBag from /opt/airflow/dags/etl_repeat_weather.py
[2025-03-13T12:52:33.395+0000] {processor.py:840} INFO - DAG(s) 'weather_data_etl' retrieved from /opt/airflow/dags/etl_repeat_weather.py
[2025-03-13T12:52:33.414+0000] {logging_mixin.py:188} INFO - [2025-03-13T12:52:33.414+0000] {dag.py:3036} INFO - Sync 1 DAGs
[2025-03-13T12:52:33.431+0000] {logging_mixin.py:188} INFO - [2025-03-13T12:52:33.431+0000] {dag.py:3823} INFO - Setting next_dagrun for weather_data_etl to 2025-03-13 12:50:00+00:00, run_after=2025-03-13 12:55:00+00:00
[2025-03-13T12:52:33.446+0000] {processor.py:183} INFO - Processing /opt/airflow/dags/etl_repeat_weather.py took 0.409 seconds
[2025-03-13T12:53:03.543+0000] {processor.py:161} INFO - Started process (PID=743) to work on /opt/airflow/dags/etl_repeat_weather.py
[2025-03-13T12:53:03.544+0000] {processor.py:830} INFO - Processing file /opt/airflow/dags/etl_repeat_weather.py for tasks to queue
[2025-03-13T12:53:03.546+0000] {logging_mixin.py:188} INFO - [2025-03-13T12:53:03.545+0000] {dagbag.py:538} INFO - Filling up the DagBag from /opt/airflow/dags/etl_repeat_weather.py
[2025-03-13T12:53:03.906+0000] {processor.py:840} INFO - DAG(s) 'weather_data_etl' retrieved from /opt/airflow/dags/etl_repeat_weather.py
[2025-03-13T12:53:03.925+0000] {logging_mixin.py:188} INFO - [2025-03-13T12:53:03.925+0000] {dag.py:3036} INFO - Sync 1 DAGs
[2025-03-13T12:53:03.943+0000] {logging_mixin.py:188} INFO - [2025-03-13T12:53:03.942+0000] {dag.py:3823} INFO - Setting next_dagrun for weather_data_etl to 2025-03-13 12:50:00+00:00, run_after=2025-03-13 12:55:00+00:00
[2025-03-13T12:53:03.958+0000] {processor.py:183} INFO - Processing /opt/airflow/dags/etl_repeat_weather.py took 0.417 seconds
[2025-03-13T12:53:34.079+0000] {processor.py:161} INFO - Started process (PID=775) to work on /opt/airflow/dags/etl_repeat_weather.py
[2025-03-13T12:53:34.080+0000] {processor.py:830} INFO - Processing file /opt/airflow/dags/etl_repeat_weather.py for tasks to queue
[2025-03-13T12:53:34.081+0000] {logging_mixin.py:188} INFO - [2025-03-13T12:53:34.080+0000] {dagbag.py:538} INFO - Filling up the DagBag from /opt/airflow/dags/etl_repeat_weather.py
[2025-03-13T12:53:34.535+0000] {processor.py:840} INFO - DAG(s) 'weather_data_etl' retrieved from /opt/airflow/dags/etl_repeat_weather.py
[2025-03-13T12:53:34.557+0000] {logging_mixin.py:188} INFO - [2025-03-13T12:53:34.557+0000] {dag.py:3036} INFO - Sync 1 DAGs
[2025-03-13T12:53:34.574+0000] {logging_mixin.py:188} INFO - [2025-03-13T12:53:34.574+0000] {dag.py:3823} INFO - Setting next_dagrun for weather_data_etl to 2025-03-13 12:50:00+00:00, run_after=2025-03-13 12:55:00+00:00
[2025-03-13T12:53:34.591+0000] {processor.py:183} INFO - Processing /opt/airflow/dags/etl_repeat_weather.py took 0.515 seconds
[2025-03-13T12:54:04.819+0000] {processor.py:161} INFO - Started process (PID=807) to work on /opt/airflow/dags/etl_repeat_weather.py
[2025-03-13T12:54:04.820+0000] {processor.py:830} INFO - Processing file /opt/airflow/dags/etl_repeat_weather.py for tasks to queue
[2025-03-13T12:54:04.820+0000] {logging_mixin.py:188} INFO - [2025-03-13T12:54:04.820+0000] {dagbag.py:538} INFO - Filling up the DagBag from /opt/airflow/dags/etl_repeat_weather.py
[2025-03-13T12:54:05.231+0000] {processor.py:840} INFO - DAG(s) 'weather_data_etl' retrieved from /opt/airflow/dags/etl_repeat_weather.py
[2025-03-13T12:54:05.254+0000] {logging_mixin.py:188} INFO - [2025-03-13T12:54:05.253+0000] {dag.py:3036} INFO - Sync 1 DAGs
[2025-03-13T12:54:05.272+0000] {logging_mixin.py:188} INFO - [2025-03-13T12:54:05.272+0000] {dag.py:3823} INFO - Setting next_dagrun for weather_data_etl to 2025-03-13 12:50:00+00:00, run_after=2025-03-13 12:55:00+00:00
[2025-03-13T12:54:05.290+0000] {processor.py:183} INFO - Processing /opt/airflow/dags/etl_repeat_weather.py took 0.473 seconds
[2025-03-13T12:54:36.155+0000] {processor.py:161} INFO - Started process (PID=838) to work on /opt/airflow/dags/etl_repeat_weather.py
[2025-03-13T12:54:36.157+0000] {processor.py:830} INFO - Processing file /opt/airflow/dags/etl_repeat_weather.py for tasks to queue
[2025-03-13T12:54:36.157+0000] {logging_mixin.py:188} INFO - [2025-03-13T12:54:36.157+0000] {dagbag.py:538} INFO - Filling up the DagBag from /opt/airflow/dags/etl_repeat_weather.py
[2025-03-13T12:54:36.562+0000] {processor.py:840} INFO - DAG(s) 'weather_data_etl' retrieved from /opt/airflow/dags/etl_repeat_weather.py
[2025-03-13T12:54:36.579+0000] {logging_mixin.py:188} INFO - [2025-03-13T12:54:36.579+0000] {dag.py:3036} INFO - Sync 1 DAGs
[2025-03-13T12:54:36.594+0000] {logging_mixin.py:188} INFO - [2025-03-13T12:54:36.593+0000] {dag.py:3823} INFO - Setting next_dagrun for weather_data_etl to 2025-03-13 12:50:00+00:00, run_after=2025-03-13 12:55:00+00:00
[2025-03-13T12:54:36.609+0000] {processor.py:183} INFO - Processing /opt/airflow/dags/etl_repeat_weather.py took 0.457 seconds
[2025-03-13T12:55:06.771+0000] {processor.py:161} INFO - Started process (PID=879) to work on /opt/airflow/dags/etl_repeat_weather.py
[2025-03-13T12:55:06.771+0000] {processor.py:830} INFO - Processing file /opt/airflow/dags/etl_repeat_weather.py for tasks to queue
[2025-03-13T12:55:06.772+0000] {logging_mixin.py:188} INFO - [2025-03-13T12:55:06.772+0000] {dagbag.py:538} INFO - Filling up the DagBag from /opt/airflow/dags/etl_repeat_weather.py
[2025-03-13T12:55:07.151+0000] {processor.py:840} INFO - DAG(s) 'weather_data_etl' retrieved from /opt/airflow/dags/etl_repeat_weather.py
[2025-03-13T12:55:07.173+0000] {logging_mixin.py:188} INFO - [2025-03-13T12:55:07.172+0000] {dag.py:3036} INFO - Sync 1 DAGs
[2025-03-13T12:55:07.190+0000] {logging_mixin.py:188} INFO - [2025-03-13T12:55:07.190+0000] {dag.py:3823} INFO - Setting next_dagrun for weather_data_etl to 2025-03-13 12:55:00+00:00, run_after=2025-03-13 13:00:00+00:00
[2025-03-13T12:55:07.206+0000] {processor.py:183} INFO - Processing /opt/airflow/dags/etl_repeat_weather.py took 0.437 seconds
[2025-03-13T12:55:37.371+0000] {processor.py:161} INFO - Started process (PID=911) to work on /opt/airflow/dags/etl_repeat_weather.py
[2025-03-13T12:55:37.372+0000] {processor.py:830} INFO - Processing file /opt/airflow/dags/etl_repeat_weather.py for tasks to queue
[2025-03-13T12:55:37.372+0000] {logging_mixin.py:188} INFO - [2025-03-13T12:55:37.372+0000] {dagbag.py:538} INFO - Filling up the DagBag from /opt/airflow/dags/etl_repeat_weather.py
[2025-03-13T12:55:37.740+0000] {processor.py:840} INFO - DAG(s) 'weather_data_etl' retrieved from /opt/airflow/dags/etl_repeat_weather.py
[2025-03-13T12:55:37.760+0000] {logging_mixin.py:188} INFO - [2025-03-13T12:55:37.760+0000] {dag.py:3036} INFO - Sync 1 DAGs
[2025-03-13T12:55:37.780+0000] {logging_mixin.py:188} INFO - [2025-03-13T12:55:37.779+0000] {dag.py:3823} INFO - Setting next_dagrun for weather_data_etl to 2025-03-13 12:55:00+00:00, run_after=2025-03-13 13:00:00+00:00
[2025-03-13T12:55:37.804+0000] {processor.py:183} INFO - Processing /opt/airflow/dags/etl_repeat_weather.py took 0.436 seconds
[2025-03-13T12:56:08.050+0000] {processor.py:161} INFO - Started process (PID=943) to work on /opt/airflow/dags/etl_repeat_weather.py
[2025-03-13T12:56:08.051+0000] {processor.py:830} INFO - Processing file /opt/airflow/dags/etl_repeat_weather.py for tasks to queue
[2025-03-13T12:56:08.052+0000] {logging_mixin.py:188} INFO - [2025-03-13T12:56:08.052+0000] {dagbag.py:538} INFO - Filling up the DagBag from /opt/airflow/dags/etl_repeat_weather.py
[2025-03-13T12:56:08.421+0000] {processor.py:840} INFO - DAG(s) 'weather_data_etl' retrieved from /opt/airflow/dags/etl_repeat_weather.py
[2025-03-13T12:56:08.444+0000] {logging_mixin.py:188} INFO - [2025-03-13T12:56:08.444+0000] {dag.py:3036} INFO - Sync 1 DAGs
[2025-03-13T12:56:08.458+0000] {logging_mixin.py:188} INFO - [2025-03-13T12:56:08.458+0000] {dag.py:3823} INFO - Setting next_dagrun for weather_data_etl to 2025-03-13 12:55:00+00:00, run_after=2025-03-13 13:00:00+00:00
[2025-03-13T12:56:08.474+0000] {processor.py:183} INFO - Processing /opt/airflow/dags/etl_repeat_weather.py took 0.426 seconds
[2025-03-13T12:56:38.614+0000] {processor.py:161} INFO - Started process (PID=975) to work on /opt/airflow/dags/etl_repeat_weather.py
[2025-03-13T12:56:38.615+0000] {processor.py:830} INFO - Processing file /opt/airflow/dags/etl_repeat_weather.py for tasks to queue
[2025-03-13T12:56:38.616+0000] {logging_mixin.py:188} INFO - [2025-03-13T12:56:38.616+0000] {dagbag.py:538} INFO - Filling up the DagBag from /opt/airflow/dags/etl_repeat_weather.py
[2025-03-13T12:56:38.985+0000] {processor.py:840} INFO - DAG(s) 'weather_data_etl' retrieved from /opt/airflow/dags/etl_repeat_weather.py
[2025-03-13T12:56:39.006+0000] {logging_mixin.py:188} INFO - [2025-03-13T12:56:39.006+0000] {dag.py:3036} INFO - Sync 1 DAGs
[2025-03-13T12:56:39.022+0000] {logging_mixin.py:188} INFO - [2025-03-13T12:56:39.022+0000] {dag.py:3823} INFO - Setting next_dagrun for weather_data_etl to 2025-03-13 12:55:00+00:00, run_after=2025-03-13 13:00:00+00:00
[2025-03-13T12:56:39.037+0000] {processor.py:183} INFO - Processing /opt/airflow/dags/etl_repeat_weather.py took 0.426 seconds
[2025-03-13T12:57:09.183+0000] {processor.py:161} INFO - Started process (PID=1007) to work on /opt/airflow/dags/etl_repeat_weather.py
[2025-03-13T12:57:09.184+0000] {processor.py:830} INFO - Processing file /opt/airflow/dags/etl_repeat_weather.py for tasks to queue
[2025-03-13T12:57:09.185+0000] {logging_mixin.py:188} INFO - [2025-03-13T12:57:09.185+0000] {dagbag.py:538} INFO - Filling up the DagBag from /opt/airflow/dags/etl_repeat_weather.py
[2025-03-13T12:57:09.553+0000] {processor.py:840} INFO - DAG(s) 'weather_data_etl' retrieved from /opt/airflow/dags/etl_repeat_weather.py
[2025-03-13T12:57:09.578+0000] {logging_mixin.py:188} INFO - [2025-03-13T12:57:09.578+0000] {dag.py:3036} INFO - Sync 1 DAGs
[2025-03-13T12:57:09.597+0000] {logging_mixin.py:188} INFO - [2025-03-13T12:57:09.597+0000] {dag.py:3823} INFO - Setting next_dagrun for weather_data_etl to 2025-03-13 12:55:00+00:00, run_after=2025-03-13 13:00:00+00:00
[2025-03-13T12:57:09.611+0000] {processor.py:183} INFO - Processing /opt/airflow/dags/etl_repeat_weather.py took 0.430 seconds
[2025-03-13T12:57:39.796+0000] {processor.py:161} INFO - Started process (PID=1039) to work on /opt/airflow/dags/etl_repeat_weather.py
[2025-03-13T12:57:39.797+0000] {processor.py:830} INFO - Processing file /opt/airflow/dags/etl_repeat_weather.py for tasks to queue
[2025-03-13T12:57:39.798+0000] {logging_mixin.py:188} INFO - [2025-03-13T12:57:39.797+0000] {dagbag.py:538} INFO - Filling up the DagBag from /opt/airflow/dags/etl_repeat_weather.py
[2025-03-13T12:57:40.167+0000] {processor.py:840} INFO - DAG(s) 'weather_data_etl' retrieved from /opt/airflow/dags/etl_repeat_weather.py
[2025-03-13T12:57:40.186+0000] {logging_mixin.py:188} INFO - [2025-03-13T12:57:40.186+0000] {dag.py:3036} INFO - Sync 1 DAGs
[2025-03-13T12:57:40.207+0000] {logging_mixin.py:188} INFO - [2025-03-13T12:57:40.207+0000] {dag.py:3823} INFO - Setting next_dagrun for weather_data_etl to 2025-03-13 12:55:00+00:00, run_after=2025-03-13 13:00:00+00:00
[2025-03-13T12:57:40.227+0000] {processor.py:183} INFO - Processing /opt/airflow/dags/etl_repeat_weather.py took 0.435 seconds
[2025-03-13T12:58:10.368+0000] {processor.py:161} INFO - Started process (PID=1071) to work on /opt/airflow/dags/etl_repeat_weather.py
[2025-03-13T12:58:10.369+0000] {processor.py:830} INFO - Processing file /opt/airflow/dags/etl_repeat_weather.py for tasks to queue
[2025-03-13T12:58:10.370+0000] {logging_mixin.py:188} INFO - [2025-03-13T12:58:10.370+0000] {dagbag.py:538} INFO - Filling up the DagBag from /opt/airflow/dags/etl_repeat_weather.py
[2025-03-13T12:58:10.763+0000] {processor.py:840} INFO - DAG(s) 'weather_data_etl' retrieved from /opt/airflow/dags/etl_repeat_weather.py
[2025-03-13T12:58:10.786+0000] {logging_mixin.py:188} INFO - [2025-03-13T12:58:10.785+0000] {dag.py:3036} INFO - Sync 1 DAGs
[2025-03-13T12:58:10.804+0000] {logging_mixin.py:188} INFO - [2025-03-13T12:58:10.804+0000] {dag.py:3823} INFO - Setting next_dagrun for weather_data_etl to 2025-03-13 12:55:00+00:00, run_after=2025-03-13 13:00:00+00:00
[2025-03-13T12:58:10.830+0000] {processor.py:183} INFO - Processing /opt/airflow/dags/etl_repeat_weather.py took 0.464 seconds
[2025-03-13T12:58:40.989+0000] {processor.py:161} INFO - Started process (PID=1103) to work on /opt/airflow/dags/etl_repeat_weather.py
[2025-03-13T12:58:40.990+0000] {processor.py:830} INFO - Processing file /opt/airflow/dags/etl_repeat_weather.py for tasks to queue
[2025-03-13T12:58:40.991+0000] {logging_mixin.py:188} INFO - [2025-03-13T12:58:40.991+0000] {dagbag.py:538} INFO - Filling up the DagBag from /opt/airflow/dags/etl_repeat_weather.py
[2025-03-13T12:58:41.349+0000] {processor.py:840} INFO - DAG(s) 'weather_data_etl' retrieved from /opt/airflow/dags/etl_repeat_weather.py
[2025-03-13T12:58:41.372+0000] {logging_mixin.py:188} INFO - [2025-03-13T12:58:41.372+0000] {dag.py:3036} INFO - Sync 1 DAGs
[2025-03-13T12:58:41.388+0000] {logging_mixin.py:188} INFO - [2025-03-13T12:58:41.388+0000] {dag.py:3823} INFO - Setting next_dagrun for weather_data_etl to 2025-03-13 12:55:00+00:00, run_after=2025-03-13 13:00:00+00:00
[2025-03-13T12:58:41.403+0000] {processor.py:183} INFO - Processing /opt/airflow/dags/etl_repeat_weather.py took 0.418 seconds
[2025-03-13T12:59:11.575+0000] {processor.py:161} INFO - Started process (PID=1135) to work on /opt/airflow/dags/etl_repeat_weather.py
[2025-03-13T12:59:11.576+0000] {processor.py:830} INFO - Processing file /opt/airflow/dags/etl_repeat_weather.py for tasks to queue
[2025-03-13T12:59:11.577+0000] {logging_mixin.py:188} INFO - [2025-03-13T12:59:11.577+0000] {dagbag.py:538} INFO - Filling up the DagBag from /opt/airflow/dags/etl_repeat_weather.py
[2025-03-13T12:59:11.943+0000] {processor.py:840} INFO - DAG(s) 'weather_data_etl' retrieved from /opt/airflow/dags/etl_repeat_weather.py
[2025-03-13T12:59:11.962+0000] {logging_mixin.py:188} INFO - [2025-03-13T12:59:11.961+0000] {dag.py:3036} INFO - Sync 1 DAGs
[2025-03-13T12:59:11.977+0000] {logging_mixin.py:188} INFO - [2025-03-13T12:59:11.977+0000] {dag.py:3823} INFO - Setting next_dagrun for weather_data_etl to 2025-03-13 12:55:00+00:00, run_after=2025-03-13 13:00:00+00:00
[2025-03-13T12:59:11.993+0000] {processor.py:183} INFO - Processing /opt/airflow/dags/etl_repeat_weather.py took 0.422 seconds
[2025-03-13T12:59:42.360+0000] {processor.py:161} INFO - Started process (PID=1167) to work on /opt/airflow/dags/etl_repeat_weather.py
[2025-03-13T12:59:42.361+0000] {processor.py:830} INFO - Processing file /opt/airflow/dags/etl_repeat_weather.py for tasks to queue
[2025-03-13T12:59:42.362+0000] {logging_mixin.py:188} INFO - [2025-03-13T12:59:42.361+0000] {dagbag.py:538} INFO - Filling up the DagBag from /opt/airflow/dags/etl_repeat_weather.py
[2025-03-13T12:59:42.747+0000] {processor.py:840} INFO - DAG(s) 'weather_data_etl' retrieved from /opt/airflow/dags/etl_repeat_weather.py
[2025-03-13T12:59:42.766+0000] {logging_mixin.py:188} INFO - [2025-03-13T12:59:42.765+0000] {dag.py:3036} INFO - Sync 1 DAGs
[2025-03-13T12:59:42.781+0000] {logging_mixin.py:188} INFO - [2025-03-13T12:59:42.781+0000] {dag.py:3823} INFO - Setting next_dagrun for weather_data_etl to 2025-03-13 12:55:00+00:00, run_after=2025-03-13 13:00:00+00:00
[2025-03-13T12:59:42.797+0000] {processor.py:183} INFO - Processing /opt/airflow/dags/etl_repeat_weather.py took 0.441 seconds
[2025-03-13T13:00:12.951+0000] {processor.py:161} INFO - Started process (PID=1199) to work on /opt/airflow/dags/etl_repeat_weather.py
[2025-03-13T13:00:12.952+0000] {processor.py:830} INFO - Processing file /opt/airflow/dags/etl_repeat_weather.py for tasks to queue
[2025-03-13T13:00:12.953+0000] {logging_mixin.py:188} INFO - [2025-03-13T13:00:12.953+0000] {dagbag.py:538} INFO - Filling up the DagBag from /opt/airflow/dags/etl_repeat_weather.py
[2025-03-13T13:00:13.321+0000] {processor.py:840} INFO - DAG(s) 'weather_data_etl' retrieved from /opt/airflow/dags/etl_repeat_weather.py
[2025-03-13T13:00:13.344+0000] {logging_mixin.py:188} INFO - [2025-03-13T13:00:13.343+0000] {dag.py:3036} INFO - Sync 1 DAGs
[2025-03-13T13:00:13.359+0000] {logging_mixin.py:188} INFO - [2025-03-13T13:00:13.358+0000] {dag.py:3823} INFO - Setting next_dagrun for weather_data_etl to 2025-03-13 12:55:00+00:00, run_after=2025-03-13 13:00:00+00:00
[2025-03-13T13:00:13.373+0000] {processor.py:183} INFO - Processing /opt/airflow/dags/etl_repeat_weather.py took 0.426 seconds
[2025-03-13T13:00:43.587+0000] {processor.py:161} INFO - Started process (PID=1231) to work on /opt/airflow/dags/etl_repeat_weather.py
[2025-03-13T13:00:43.588+0000] {processor.py:830} INFO - Processing file /opt/airflow/dags/etl_repeat_weather.py for tasks to queue
[2025-03-13T13:00:43.589+0000] {logging_mixin.py:188} INFO - [2025-03-13T13:00:43.589+0000] {dagbag.py:538} INFO - Filling up the DagBag from /opt/airflow/dags/etl_repeat_weather.py
[2025-03-13T13:00:43.979+0000] {processor.py:840} INFO - DAG(s) 'weather_data_etl' retrieved from /opt/airflow/dags/etl_repeat_weather.py
[2025-03-13T13:00:43.999+0000] {logging_mixin.py:188} INFO - [2025-03-13T13:00:43.999+0000] {dag.py:3036} INFO - Sync 1 DAGs
[2025-03-13T13:00:44.018+0000] {logging_mixin.py:188} INFO - [2025-03-13T13:00:44.018+0000] {dag.py:3823} INFO - Setting next_dagrun for weather_data_etl to 2025-03-13 12:55:00+00:00, run_after=2025-03-13 13:00:00+00:00
[2025-03-13T13:00:44.034+0000] {processor.py:183} INFO - Processing /opt/airflow/dags/etl_repeat_weather.py took 0.451 seconds
[2025-03-13T13:01:14.156+0000] {processor.py:161} INFO - Started process (PID=1263) to work on /opt/airflow/dags/etl_repeat_weather.py
[2025-03-13T13:01:14.157+0000] {processor.py:830} INFO - Processing file /opt/airflow/dags/etl_repeat_weather.py for tasks to queue
[2025-03-13T13:01:14.158+0000] {logging_mixin.py:188} INFO - [2025-03-13T13:01:14.158+0000] {dagbag.py:538} INFO - Filling up the DagBag from /opt/airflow/dags/etl_repeat_weather.py
[2025-03-13T13:01:14.495+0000] {processor.py:840} INFO - DAG(s) 'weather_data_etl' retrieved from /opt/airflow/dags/etl_repeat_weather.py
[2025-03-13T13:01:14.516+0000] {logging_mixin.py:188} INFO - [2025-03-13T13:01:14.516+0000] {dag.py:3036} INFO - Sync 1 DAGs
[2025-03-13T13:01:14.533+0000] {logging_mixin.py:188} INFO - [2025-03-13T13:01:14.533+0000] {dag.py:3823} INFO - Setting next_dagrun for weather_data_etl to 2025-03-13 12:55:00+00:00, run_after=2025-03-13 13:00:00+00:00
[2025-03-13T13:01:14.547+0000] {processor.py:183} INFO - Processing /opt/airflow/dags/etl_repeat_weather.py took 0.394 seconds
[2025-03-13T13:01:44.708+0000] {processor.py:161} INFO - Started process (PID=1295) to work on /opt/airflow/dags/etl_repeat_weather.py
[2025-03-13T13:01:44.709+0000] {processor.py:830} INFO - Processing file /opt/airflow/dags/etl_repeat_weather.py for tasks to queue
[2025-03-13T13:01:44.710+0000] {logging_mixin.py:188} INFO - [2025-03-13T13:01:44.709+0000] {dagbag.py:538} INFO - Filling up the DagBag from /opt/airflow/dags/etl_repeat_weather.py
[2025-03-13T13:01:45.081+0000] {processor.py:840} INFO - DAG(s) 'weather_data_etl' retrieved from /opt/airflow/dags/etl_repeat_weather.py
[2025-03-13T13:01:45.101+0000] {logging_mixin.py:188} INFO - [2025-03-13T13:01:45.101+0000] {dag.py:3036} INFO - Sync 1 DAGs
[2025-03-13T13:01:45.115+0000] {logging_mixin.py:188} INFO - [2025-03-13T13:01:45.115+0000] {dag.py:3823} INFO - Setting next_dagrun for weather_data_etl to 2025-03-13 12:55:00+00:00, run_after=2025-03-13 13:00:00+00:00
[2025-03-13T13:01:45.128+0000] {processor.py:183} INFO - Processing /opt/airflow/dags/etl_repeat_weather.py took 0.424 seconds
[2025-03-13T13:02:15.244+0000] {processor.py:161} INFO - Started process (PID=1327) to work on /opt/airflow/dags/etl_repeat_weather.py
[2025-03-13T13:02:15.246+0000] {processor.py:830} INFO - Processing file /opt/airflow/dags/etl_repeat_weather.py for tasks to queue
[2025-03-13T13:02:15.246+0000] {logging_mixin.py:188} INFO - [2025-03-13T13:02:15.246+0000] {dagbag.py:538} INFO - Filling up the DagBag from /opt/airflow/dags/etl_repeat_weather.py
[2025-03-13T13:02:15.639+0000] {processor.py:840} INFO - DAG(s) 'weather_data_etl' retrieved from /opt/airflow/dags/etl_repeat_weather.py
[2025-03-13T13:02:15.659+0000] {logging_mixin.py:188} INFO - [2025-03-13T13:02:15.659+0000] {dag.py:3036} INFO - Sync 1 DAGs
[2025-03-13T13:02:15.676+0000] {logging_mixin.py:188} INFO - [2025-03-13T13:02:15.676+0000] {dag.py:3823} INFO - Setting next_dagrun for weather_data_etl to 2025-03-13 12:55:00+00:00, run_after=2025-03-13 13:00:00+00:00
[2025-03-13T13:02:15.693+0000] {processor.py:183} INFO - Processing /opt/airflow/dags/etl_repeat_weather.py took 0.452 seconds
[2025-03-13T13:02:45.856+0000] {processor.py:161} INFO - Started process (PID=1358) to work on /opt/airflow/dags/etl_repeat_weather.py
[2025-03-13T13:02:45.857+0000] {processor.py:830} INFO - Processing file /opt/airflow/dags/etl_repeat_weather.py for tasks to queue
[2025-03-13T13:02:45.858+0000] {logging_mixin.py:188} INFO - [2025-03-13T13:02:45.858+0000] {dagbag.py:538} INFO - Filling up the DagBag from /opt/airflow/dags/etl_repeat_weather.py
[2025-03-13T13:02:46.321+0000] {processor.py:840} INFO - DAG(s) 'weather_data_etl' retrieved from /opt/airflow/dags/etl_repeat_weather.py
[2025-03-13T13:02:46.341+0000] {logging_mixin.py:188} INFO - [2025-03-13T13:02:46.341+0000] {dag.py:3036} INFO - Sync 1 DAGs
[2025-03-13T13:02:46.363+0000] {logging_mixin.py:188} INFO - [2025-03-13T13:02:46.363+0000] {dag.py:3823} INFO - Setting next_dagrun for weather_data_etl to 2025-03-13 12:55:00+00:00, run_after=2025-03-13 13:00:00+00:00
[2025-03-13T13:02:46.383+0000] {processor.py:183} INFO - Processing /opt/airflow/dags/etl_repeat_weather.py took 0.530 seconds
[2025-03-13T13:03:16.750+0000] {processor.py:161} INFO - Started process (PID=1383) to work on /opt/airflow/dags/etl_repeat_weather.py
[2025-03-13T13:03:16.753+0000] {processor.py:830} INFO - Processing file /opt/airflow/dags/etl_repeat_weather.py for tasks to queue
[2025-03-13T13:03:16.754+0000] {logging_mixin.py:188} INFO - [2025-03-13T13:03:16.754+0000] {dagbag.py:538} INFO - Filling up the DagBag from /opt/airflow/dags/etl_repeat_weather.py
[2025-03-13T13:03:17.320+0000] {processor.py:840} INFO - DAG(s) 'weather_data_etl' retrieved from /opt/airflow/dags/etl_repeat_weather.py
[2025-03-13T13:03:17.344+0000] {logging_mixin.py:188} INFO - [2025-03-13T13:03:17.343+0000] {dag.py:3036} INFO - Sync 1 DAGs
[2025-03-13T13:03:17.366+0000] {logging_mixin.py:188} INFO - [2025-03-13T13:03:17.365+0000] {dag.py:3823} INFO - Setting next_dagrun for weather_data_etl to 2025-03-13 12:55:00+00:00, run_after=2025-03-13 13:00:00+00:00
[2025-03-13T13:03:17.389+0000] {processor.py:183} INFO - Processing /opt/airflow/dags/etl_repeat_weather.py took 0.642 seconds
[2025-03-13T13:03:47.768+0000] {processor.py:161} INFO - Started process (PID=1415) to work on /opt/airflow/dags/etl_repeat_weather.py
[2025-03-13T13:03:47.770+0000] {processor.py:830} INFO - Processing file /opt/airflow/dags/etl_repeat_weather.py for tasks to queue
[2025-03-13T13:03:47.772+0000] {logging_mixin.py:188} INFO - [2025-03-13T13:03:47.771+0000] {dagbag.py:538} INFO - Filling up the DagBag from /opt/airflow/dags/etl_repeat_weather.py
[2025-03-13T13:03:48.278+0000] {processor.py:840} INFO - DAG(s) 'weather_data_etl' retrieved from /opt/airflow/dags/etl_repeat_weather.py
[2025-03-13T13:03:48.305+0000] {logging_mixin.py:188} INFO - [2025-03-13T13:03:48.305+0000] {dag.py:3036} INFO - Sync 1 DAGs
[2025-03-13T13:03:48.331+0000] {logging_mixin.py:188} INFO - [2025-03-13T13:03:48.330+0000] {dag.py:3823} INFO - Setting next_dagrun for weather_data_etl to 2025-03-13 12:55:00+00:00, run_after=2025-03-13 13:00:00+00:00
[2025-03-13T13:03:48.355+0000] {processor.py:183} INFO - Processing /opt/airflow/dags/etl_repeat_weather.py took 0.591 seconds
[2025-03-13T13:04:18.649+0000] {processor.py:161} INFO - Started process (PID=1447) to work on /opt/airflow/dags/etl_repeat_weather.py
[2025-03-13T13:04:18.652+0000] {processor.py:830} INFO - Processing file /opt/airflow/dags/etl_repeat_weather.py for tasks to queue
[2025-03-13T13:04:18.653+0000] {logging_mixin.py:188} INFO - [2025-03-13T13:04:18.653+0000] {dagbag.py:538} INFO - Filling up the DagBag from /opt/airflow/dags/etl_repeat_weather.py
[2025-03-13T13:04:19.235+0000] {processor.py:840} INFO - DAG(s) 'weather_data_etl' retrieved from /opt/airflow/dags/etl_repeat_weather.py
[2025-03-13T13:04:19.273+0000] {logging_mixin.py:188} INFO - [2025-03-13T13:04:19.273+0000] {dag.py:3036} INFO - Sync 1 DAGs
[2025-03-13T13:04:19.315+0000] {logging_mixin.py:188} INFO - [2025-03-13T13:04:19.315+0000] {dag.py:3823} INFO - Setting next_dagrun for weather_data_etl to 2025-03-13 12:55:00+00:00, run_after=2025-03-13 13:00:00+00:00
[2025-03-13T13:04:19.350+0000] {processor.py:183} INFO - Processing /opt/airflow/dags/etl_repeat_weather.py took 0.704 seconds
[2025-03-13T13:04:50.256+0000] {processor.py:161} INFO - Started process (PID=1479) to work on /opt/airflow/dags/etl_repeat_weather.py
[2025-03-13T13:04:50.257+0000] {processor.py:830} INFO - Processing file /opt/airflow/dags/etl_repeat_weather.py for tasks to queue
[2025-03-13T13:04:50.258+0000] {logging_mixin.py:188} INFO - [2025-03-13T13:04:50.258+0000] {dagbag.py:538} INFO - Filling up the DagBag from /opt/airflow/dags/etl_repeat_weather.py
[2025-03-13T13:04:50.645+0000] {processor.py:840} INFO - DAG(s) 'weather_data_etl' retrieved from /opt/airflow/dags/etl_repeat_weather.py
[2025-03-13T13:04:50.669+0000] {logging_mixin.py:188} INFO - [2025-03-13T13:04:50.668+0000] {dag.py:3036} INFO - Sync 1 DAGs
[2025-03-13T13:04:50.687+0000] {logging_mixin.py:188} INFO - [2025-03-13T13:04:50.687+0000] {dag.py:3823} INFO - Setting next_dagrun for weather_data_etl to 2025-03-13 12:55:00+00:00, run_after=2025-03-13 13:00:00+00:00
[2025-03-13T13:04:50.705+0000] {processor.py:183} INFO - Processing /opt/airflow/dags/etl_repeat_weather.py took 0.452 seconds
[2025-03-13T13:05:20.960+0000] {processor.py:161} INFO - Started process (PID=1511) to work on /opt/airflow/dags/etl_repeat_weather.py
[2025-03-13T13:05:20.961+0000] {processor.py:830} INFO - Processing file /opt/airflow/dags/etl_repeat_weather.py for tasks to queue
[2025-03-13T13:05:20.962+0000] {logging_mixin.py:188} INFO - [2025-03-13T13:05:20.961+0000] {dagbag.py:538} INFO - Filling up the DagBag from /opt/airflow/dags/etl_repeat_weather.py
[2025-03-13T13:05:21.366+0000] {processor.py:840} INFO - DAG(s) 'weather_data_etl' retrieved from /opt/airflow/dags/etl_repeat_weather.py
[2025-03-13T13:05:21.389+0000] {logging_mixin.py:188} INFO - [2025-03-13T13:05:21.388+0000] {dag.py:3036} INFO - Sync 1 DAGs
[2025-03-13T13:05:21.409+0000] {logging_mixin.py:188} INFO - [2025-03-13T13:05:21.409+0000] {dag.py:3823} INFO - Setting next_dagrun for weather_data_etl to 2025-03-13 13:00:00+00:00, run_after=2025-03-13 13:05:00+00:00
[2025-03-13T13:05:21.429+0000] {processor.py:183} INFO - Processing /opt/airflow/dags/etl_repeat_weather.py took 0.472 seconds
[2025-03-13T13:05:51.612+0000] {processor.py:161} INFO - Started process (PID=1544) to work on /opt/airflow/dags/etl_repeat_weather.py
[2025-03-13T13:05:51.612+0000] {processor.py:830} INFO - Processing file /opt/airflow/dags/etl_repeat_weather.py for tasks to queue
[2025-03-13T13:05:51.613+0000] {logging_mixin.py:188} INFO - [2025-03-13T13:05:51.613+0000] {dagbag.py:538} INFO - Filling up the DagBag from /opt/airflow/dags/etl_repeat_weather.py
[2025-03-13T13:05:52.058+0000] {processor.py:840} INFO - DAG(s) 'weather_data_etl' retrieved from /opt/airflow/dags/etl_repeat_weather.py
[2025-03-13T13:05:52.090+0000] {logging_mixin.py:188} INFO - [2025-03-13T13:05:52.089+0000] {dag.py:3036} INFO - Sync 1 DAGs
[2025-03-13T13:05:52.113+0000] {logging_mixin.py:188} INFO - [2025-03-13T13:05:52.112+0000] {dag.py:3823} INFO - Setting next_dagrun for weather_data_etl to 2025-03-13 13:00:00+00:00, run_after=2025-03-13 13:05:00+00:00
[2025-03-13T13:05:52.138+0000] {processor.py:183} INFO - Processing /opt/airflow/dags/etl_repeat_weather.py took 0.529 seconds
[2025-03-13T13:06:22.473+0000] {processor.py:161} INFO - Started process (PID=1576) to work on /opt/airflow/dags/etl_repeat_weather.py
[2025-03-13T13:06:22.474+0000] {processor.py:830} INFO - Processing file /opt/airflow/dags/etl_repeat_weather.py for tasks to queue
[2025-03-13T13:06:22.475+0000] {logging_mixin.py:188} INFO - [2025-03-13T13:06:22.475+0000] {dagbag.py:538} INFO - Filling up the DagBag from /opt/airflow/dags/etl_repeat_weather.py
[2025-03-13T13:06:22.941+0000] {processor.py:840} INFO - DAG(s) 'weather_data_etl' retrieved from /opt/airflow/dags/etl_repeat_weather.py
[2025-03-13T13:06:22.966+0000] {logging_mixin.py:188} INFO - [2025-03-13T13:06:22.966+0000] {dag.py:3036} INFO - Sync 1 DAGs
[2025-03-13T13:06:22.989+0000] {logging_mixin.py:188} INFO - [2025-03-13T13:06:22.989+0000] {dag.py:3823} INFO - Setting next_dagrun for weather_data_etl to 2025-03-13 13:00:00+00:00, run_after=2025-03-13 13:05:00+00:00
[2025-03-13T13:06:23.460+0000] {processor.py:183} INFO - Processing /opt/airflow/dags/etl_repeat_weather.py took 0.991 seconds
[2025-03-13T13:06:54.376+0000] {processor.py:161} INFO - Started process (PID=1608) to work on /opt/airflow/dags/etl_repeat_weather.py
[2025-03-13T13:06:54.377+0000] {processor.py:830} INFO - Processing file /opt/airflow/dags/etl_repeat_weather.py for tasks to queue
[2025-03-13T13:06:54.379+0000] {logging_mixin.py:188} INFO - [2025-03-13T13:06:54.378+0000] {dagbag.py:538} INFO - Filling up the DagBag from /opt/airflow/dags/etl_repeat_weather.py
[2025-03-13T13:06:54.880+0000] {processor.py:840} INFO - DAG(s) 'weather_data_etl' retrieved from /opt/airflow/dags/etl_repeat_weather.py
[2025-03-13T13:06:54.913+0000] {logging_mixin.py:188} INFO - [2025-03-13T13:06:54.913+0000] {dag.py:3036} INFO - Sync 1 DAGs
[2025-03-13T13:06:54.939+0000] {logging_mixin.py:188} INFO - [2025-03-13T13:06:54.939+0000] {dag.py:3823} INFO - Setting next_dagrun for weather_data_etl to 2025-03-13 13:00:00+00:00, run_after=2025-03-13 13:05:00+00:00
[2025-03-13T13:06:54.958+0000] {processor.py:183} INFO - Processing /opt/airflow/dags/etl_repeat_weather.py took 0.586 seconds
[2025-03-13T13:07:25.208+0000] {processor.py:161} INFO - Started process (PID=1640) to work on /opt/airflow/dags/etl_repeat_weather.py
[2025-03-13T13:07:25.210+0000] {processor.py:830} INFO - Processing file /opt/airflow/dags/etl_repeat_weather.py for tasks to queue
[2025-03-13T13:07:25.211+0000] {logging_mixin.py:188} INFO - [2025-03-13T13:07:25.210+0000] {dagbag.py:538} INFO - Filling up the DagBag from /opt/airflow/dags/etl_repeat_weather.py
[2025-03-13T13:07:25.729+0000] {processor.py:840} INFO - DAG(s) 'weather_data_etl' retrieved from /opt/airflow/dags/etl_repeat_weather.py
[2025-03-13T13:07:25.755+0000] {logging_mixin.py:188} INFO - [2025-03-13T13:07:25.755+0000] {dag.py:3036} INFO - Sync 1 DAGs
[2025-03-13T13:07:25.778+0000] {logging_mixin.py:188} INFO - [2025-03-13T13:07:25.778+0000] {dag.py:3823} INFO - Setting next_dagrun for weather_data_etl to 2025-03-13 13:00:00+00:00, run_after=2025-03-13 13:05:00+00:00
[2025-03-13T13:07:25.800+0000] {processor.py:183} INFO - Processing /opt/airflow/dags/etl_repeat_weather.py took 0.595 seconds
[2025-03-13T13:07:56.154+0000] {processor.py:161} INFO - Started process (PID=1672) to work on /opt/airflow/dags/etl_repeat_weather.py
[2025-03-13T13:07:56.155+0000] {processor.py:830} INFO - Processing file /opt/airflow/dags/etl_repeat_weather.py for tasks to queue
[2025-03-13T13:07:56.156+0000] {logging_mixin.py:188} INFO - [2025-03-13T13:07:56.156+0000] {dagbag.py:538} INFO - Filling up the DagBag from /opt/airflow/dags/etl_repeat_weather.py
[2025-03-13T13:07:56.568+0000] {processor.py:840} INFO - DAG(s) 'weather_data_etl' retrieved from /opt/airflow/dags/etl_repeat_weather.py
[2025-03-13T13:07:56.596+0000] {logging_mixin.py:188} INFO - [2025-03-13T13:07:56.595+0000] {dag.py:3036} INFO - Sync 1 DAGs
[2025-03-13T13:07:56.633+0000] {logging_mixin.py:188} INFO - [2025-03-13T13:07:56.632+0000] {dag.py:3823} INFO - Setting next_dagrun for weather_data_etl to 2025-03-13 13:00:00+00:00, run_after=2025-03-13 13:05:00+00:00
[2025-03-13T13:07:56.668+0000] {processor.py:183} INFO - Processing /opt/airflow/dags/etl_repeat_weather.py took 0.517 seconds
[2025-03-13T13:08:27.028+0000] {processor.py:161} INFO - Started process (PID=1704) to work on /opt/airflow/dags/etl_repeat_weather.py
[2025-03-13T13:08:27.030+0000] {processor.py:830} INFO - Processing file /opt/airflow/dags/etl_repeat_weather.py for tasks to queue
[2025-03-13T13:08:27.032+0000] {logging_mixin.py:188} INFO - [2025-03-13T13:08:27.031+0000] {dagbag.py:538} INFO - Filling up the DagBag from /opt/airflow/dags/etl_repeat_weather.py
[2025-03-13T13:08:27.555+0000] {processor.py:840} INFO - DAG(s) 'weather_data_etl' retrieved from /opt/airflow/dags/etl_repeat_weather.py
[2025-03-13T13:08:27.579+0000] {logging_mixin.py:188} INFO - [2025-03-13T13:08:27.578+0000] {dag.py:3036} INFO - Sync 1 DAGs
[2025-03-13T13:08:27.603+0000] {logging_mixin.py:188} INFO - [2025-03-13T13:08:27.603+0000] {dag.py:3823} INFO - Setting next_dagrun for weather_data_etl to 2025-03-13 13:00:00+00:00, run_after=2025-03-13 13:05:00+00:00
[2025-03-13T13:08:27.621+0000] {processor.py:183} INFO - Processing /opt/airflow/dags/etl_repeat_weather.py took 0.596 seconds
[2025-03-13T13:08:57.927+0000] {processor.py:161} INFO - Started process (PID=1736) to work on /opt/airflow/dags/etl_repeat_weather.py
[2025-03-13T13:08:57.928+0000] {processor.py:830} INFO - Processing file /opt/airflow/dags/etl_repeat_weather.py for tasks to queue
[2025-03-13T13:08:57.930+0000] {logging_mixin.py:188} INFO - [2025-03-13T13:08:57.930+0000] {dagbag.py:538} INFO - Filling up the DagBag from /opt/airflow/dags/etl_repeat_weather.py
[2025-03-13T13:08:58.373+0000] {processor.py:840} INFO - DAG(s) 'weather_data_etl' retrieved from /opt/airflow/dags/etl_repeat_weather.py
[2025-03-13T13:08:58.396+0000] {logging_mixin.py:188} INFO - [2025-03-13T13:08:58.395+0000] {dag.py:3036} INFO - Sync 1 DAGs
[2025-03-13T13:08:58.413+0000] {logging_mixin.py:188} INFO - [2025-03-13T13:08:58.412+0000] {dag.py:3823} INFO - Setting next_dagrun for weather_data_etl to 2025-03-13 13:00:00+00:00, run_after=2025-03-13 13:05:00+00:00
[2025-03-13T13:08:58.433+0000] {processor.py:183} INFO - Processing /opt/airflow/dags/etl_repeat_weather.py took 0.512 seconds
[2025-03-13T13:09:29.359+0000] {processor.py:161} INFO - Started process (PID=1768) to work on /opt/airflow/dags/etl_repeat_weather.py
[2025-03-13T13:09:29.360+0000] {processor.py:830} INFO - Processing file /opt/airflow/dags/etl_repeat_weather.py for tasks to queue
[2025-03-13T13:09:29.362+0000] {logging_mixin.py:188} INFO - [2025-03-13T13:09:29.362+0000] {dagbag.py:538} INFO - Filling up the DagBag from /opt/airflow/dags/etl_repeat_weather.py
[2025-03-13T13:09:29.771+0000] {processor.py:840} INFO - DAG(s) 'weather_data_etl' retrieved from /opt/airflow/dags/etl_repeat_weather.py
[2025-03-13T13:09:29.795+0000] {logging_mixin.py:188} INFO - [2025-03-13T13:09:29.795+0000] {dag.py:3036} INFO - Sync 1 DAGs
[2025-03-13T13:09:29.817+0000] {logging_mixin.py:188} INFO - [2025-03-13T13:09:29.817+0000] {dag.py:3823} INFO - Setting next_dagrun for weather_data_etl to 2025-03-13 13:00:00+00:00, run_after=2025-03-13 13:05:00+00:00
[2025-03-13T13:09:29.841+0000] {processor.py:183} INFO - Processing /opt/airflow/dags/etl_repeat_weather.py took 0.484 seconds
[2025-03-13T13:10:00.711+0000] {processor.py:161} INFO - Started process (PID=1800) to work on /opt/airflow/dags/etl_repeat_weather.py
[2025-03-13T13:10:00.712+0000] {processor.py:830} INFO - Processing file /opt/airflow/dags/etl_repeat_weather.py for tasks to queue
[2025-03-13T13:10:00.713+0000] {logging_mixin.py:188} INFO - [2025-03-13T13:10:00.713+0000] {dagbag.py:538} INFO - Filling up the DagBag from /opt/airflow/dags/etl_repeat_weather.py
[2025-03-13T13:10:01.123+0000] {processor.py:840} INFO - DAG(s) 'weather_data_etl' retrieved from /opt/airflow/dags/etl_repeat_weather.py
[2025-03-13T13:10:01.147+0000] {logging_mixin.py:188} INFO - [2025-03-13T13:10:01.146+0000] {dag.py:3036} INFO - Sync 1 DAGs
[2025-03-13T13:10:01.167+0000] {logging_mixin.py:188} INFO - [2025-03-13T13:10:01.167+0000] {dag.py:3823} INFO - Setting next_dagrun for weather_data_etl to 2025-03-13 13:05:00+00:00, run_after=2025-03-13 13:10:00+00:00
[2025-03-13T13:10:01.186+0000] {processor.py:183} INFO - Processing /opt/airflow/dags/etl_repeat_weather.py took 0.477 seconds
[2025-03-13T13:10:31.610+0000] {processor.py:161} INFO - Started process (PID=1832) to work on /opt/airflow/dags/etl_repeat_weather.py
[2025-03-13T13:10:31.612+0000] {processor.py:830} INFO - Processing file /opt/airflow/dags/etl_repeat_weather.py for tasks to queue
[2025-03-13T13:10:31.614+0000] {logging_mixin.py:188} INFO - [2025-03-13T13:10:31.613+0000] {dagbag.py:538} INFO - Filling up the DagBag from /opt/airflow/dags/etl_repeat_weather.py
[2025-03-13T13:10:32.134+0000] {processor.py:840} INFO - DAG(s) 'weather_data_etl' retrieved from /opt/airflow/dags/etl_repeat_weather.py
[2025-03-13T13:10:32.168+0000] {logging_mixin.py:188} INFO - [2025-03-13T13:10:32.168+0000] {dag.py:3036} INFO - Sync 1 DAGs
[2025-03-13T13:10:32.193+0000] {logging_mixin.py:188} INFO - [2025-03-13T13:10:32.193+0000] {dag.py:3823} INFO - Setting next_dagrun for weather_data_etl to 2025-03-13 13:05:00+00:00, run_after=2025-03-13 13:10:00+00:00
[2025-03-13T13:10:32.218+0000] {processor.py:183} INFO - Processing /opt/airflow/dags/etl_repeat_weather.py took 0.612 seconds
[2025-03-13T13:11:02.622+0000] {processor.py:161} INFO - Started process (PID=1864) to work on /opt/airflow/dags/etl_repeat_weather.py
[2025-03-13T13:11:02.623+0000] {processor.py:830} INFO - Processing file /opt/airflow/dags/etl_repeat_weather.py for tasks to queue
[2025-03-13T13:11:02.625+0000] {logging_mixin.py:188} INFO - [2025-03-13T13:11:02.624+0000] {dagbag.py:538} INFO - Filling up the DagBag from /opt/airflow/dags/etl_repeat_weather.py
[2025-03-13T13:11:03.187+0000] {processor.py:840} INFO - DAG(s) 'weather_data_etl' retrieved from /opt/airflow/dags/etl_repeat_weather.py
[2025-03-13T13:11:03.220+0000] {logging_mixin.py:188} INFO - [2025-03-13T13:11:03.219+0000] {dag.py:3036} INFO - Sync 1 DAGs
[2025-03-13T13:11:03.252+0000] {logging_mixin.py:188} INFO - [2025-03-13T13:11:03.252+0000] {dag.py:3823} INFO - Setting next_dagrun for weather_data_etl to 2025-03-13 13:05:00+00:00, run_after=2025-03-13 13:10:00+00:00
[2025-03-13T13:11:03.280+0000] {processor.py:183} INFO - Processing /opt/airflow/dags/etl_repeat_weather.py took 0.662 seconds
[2025-03-13T13:11:33.933+0000] {processor.py:161} INFO - Started process (PID=1896) to work on /opt/airflow/dags/etl_repeat_weather.py
[2025-03-13T13:11:33.934+0000] {processor.py:830} INFO - Processing file /opt/airflow/dags/etl_repeat_weather.py for tasks to queue
[2025-03-13T13:11:33.934+0000] {logging_mixin.py:188} INFO - [2025-03-13T13:11:33.934+0000] {dagbag.py:538} INFO - Filling up the DagBag from /opt/airflow/dags/etl_repeat_weather.py
[2025-03-13T13:11:34.335+0000] {processor.py:840} INFO - DAG(s) 'weather_data_etl' retrieved from /opt/airflow/dags/etl_repeat_weather.py
[2025-03-13T13:11:34.362+0000] {logging_mixin.py:188} INFO - [2025-03-13T13:11:34.362+0000] {dag.py:3036} INFO - Sync 1 DAGs
[2025-03-13T13:11:34.382+0000] {logging_mixin.py:188} INFO - [2025-03-13T13:11:34.382+0000] {dag.py:3823} INFO - Setting next_dagrun for weather_data_etl to 2025-03-13 13:05:00+00:00, run_after=2025-03-13 13:10:00+00:00
[2025-03-13T13:11:34.402+0000] {processor.py:183} INFO - Processing /opt/airflow/dags/etl_repeat_weather.py took 0.471 seconds
[2025-03-13T13:12:04.685+0000] {processor.py:161} INFO - Started process (PID=1928) to work on /opt/airflow/dags/etl_repeat_weather.py
[2025-03-13T13:12:04.686+0000] {processor.py:830} INFO - Processing file /opt/airflow/dags/etl_repeat_weather.py for tasks to queue
[2025-03-13T13:12:04.687+0000] {logging_mixin.py:188} INFO - [2025-03-13T13:12:04.687+0000] {dagbag.py:538} INFO - Filling up the DagBag from /opt/airflow/dags/etl_repeat_weather.py
[2025-03-13T13:12:05.079+0000] {processor.py:840} INFO - DAG(s) 'weather_data_etl' retrieved from /opt/airflow/dags/etl_repeat_weather.py
[2025-03-13T13:12:05.106+0000] {logging_mixin.py:188} INFO - [2025-03-13T13:12:05.105+0000] {dag.py:3036} INFO - Sync 1 DAGs
[2025-03-13T13:12:05.127+0000] {logging_mixin.py:188} INFO - [2025-03-13T13:12:05.126+0000] {dag.py:3823} INFO - Setting next_dagrun for weather_data_etl to 2025-03-13 13:05:00+00:00, run_after=2025-03-13 13:10:00+00:00
[2025-03-13T13:12:05.145+0000] {processor.py:183} INFO - Processing /opt/airflow/dags/etl_repeat_weather.py took 0.462 seconds
[2025-03-13T13:12:35.461+0000] {processor.py:161} INFO - Started process (PID=1960) to work on /opt/airflow/dags/etl_repeat_weather.py
[2025-03-13T13:12:35.462+0000] {processor.py:830} INFO - Processing file /opt/airflow/dags/etl_repeat_weather.py for tasks to queue
[2025-03-13T13:12:35.463+0000] {logging_mixin.py:188} INFO - [2025-03-13T13:12:35.463+0000] {dagbag.py:538} INFO - Filling up the DagBag from /opt/airflow/dags/etl_repeat_weather.py
[2025-03-13T13:12:35.886+0000] {processor.py:840} INFO - DAG(s) 'weather_data_etl' retrieved from /opt/airflow/dags/etl_repeat_weather.py
[2025-03-13T13:12:35.914+0000] {logging_mixin.py:188} INFO - [2025-03-13T13:12:35.913+0000] {dag.py:3036} INFO - Sync 1 DAGs
[2025-03-13T13:12:35.937+0000] {logging_mixin.py:188} INFO - [2025-03-13T13:12:35.937+0000] {dag.py:3823} INFO - Setting next_dagrun for weather_data_etl to 2025-03-13 13:05:00+00:00, run_after=2025-03-13 13:10:00+00:00
[2025-03-13T13:12:35.958+0000] {processor.py:183} INFO - Processing /opt/airflow/dags/etl_repeat_weather.py took 0.500 seconds
[2025-03-13T13:13:06.286+0000] {processor.py:161} INFO - Started process (PID=1992) to work on /opt/airflow/dags/etl_repeat_weather.py
[2025-03-13T13:13:06.289+0000] {processor.py:830} INFO - Processing file /opt/airflow/dags/etl_repeat_weather.py for tasks to queue
[2025-03-13T13:13:06.291+0000] {logging_mixin.py:188} INFO - [2025-03-13T13:13:06.291+0000] {dagbag.py:538} INFO - Filling up the DagBag from /opt/airflow/dags/etl_repeat_weather.py
[2025-03-13T13:13:07.221+0000] {processor.py:840} INFO - DAG(s) 'weather_data_etl' retrieved from /opt/airflow/dags/etl_repeat_weather.py
[2025-03-13T13:13:07.266+0000] {logging_mixin.py:188} INFO - [2025-03-13T13:13:07.265+0000] {dag.py:3036} INFO - Sync 1 DAGs
[2025-03-13T13:13:07.306+0000] {logging_mixin.py:188} INFO - [2025-03-13T13:13:07.306+0000] {dag.py:3823} INFO - Setting next_dagrun for weather_data_etl to 2025-03-13 13:05:00+00:00, run_after=2025-03-13 13:10:00+00:00
[2025-03-13T13:13:07.354+0000] {processor.py:183} INFO - Processing /opt/airflow/dags/etl_repeat_weather.py took 1.076 seconds
[2025-03-13T13:13:37.827+0000] {processor.py:161} INFO - Started process (PID=2027) to work on /opt/airflow/dags/etl_repeat_weather.py
[2025-03-13T13:13:37.828+0000] {processor.py:830} INFO - Processing file /opt/airflow/dags/etl_repeat_weather.py for tasks to queue
[2025-03-13T13:13:37.829+0000] {logging_mixin.py:188} INFO - [2025-03-13T13:13:37.829+0000] {dagbag.py:538} INFO - Filling up the DagBag from /opt/airflow/dags/etl_repeat_weather.py
[2025-03-13T13:13:38.187+0000] {processor.py:840} INFO - DAG(s) 'weather_data_etl' retrieved from /opt/airflow/dags/etl_repeat_weather.py
[2025-03-13T13:13:38.219+0000] {logging_mixin.py:188} INFO - [2025-03-13T13:13:38.219+0000] {dag.py:3036} INFO - Sync 1 DAGs
[2025-03-13T13:13:38.251+0000] {logging_mixin.py:188} INFO - [2025-03-13T13:13:38.250+0000] {dag.py:3823} INFO - Setting next_dagrun for weather_data_etl to 2025-03-13 13:05:00+00:00, run_after=2025-03-13 13:10:00+00:00
[2025-03-13T13:13:38.275+0000] {processor.py:183} INFO - Processing /opt/airflow/dags/etl_repeat_weather.py took 0.454 seconds
[2025-03-13T13:14:08.425+0000] {processor.py:161} INFO - Started process (PID=2054) to work on /opt/airflow/dags/etl_repeat_weather.py
[2025-03-13T13:14:08.426+0000] {processor.py:830} INFO - Processing file /opt/airflow/dags/etl_repeat_weather.py for tasks to queue
[2025-03-13T13:14:08.427+0000] {logging_mixin.py:188} INFO - [2025-03-13T13:14:08.426+0000] {dagbag.py:538} INFO - Filling up the DagBag from /opt/airflow/dags/etl_repeat_weather.py
[2025-03-13T13:14:08.677+0000] {processor.py:840} INFO - DAG(s) 'weather_data_etl' retrieved from /opt/airflow/dags/etl_repeat_weather.py
[2025-03-13T13:14:08.704+0000] {logging_mixin.py:188} INFO - [2025-03-13T13:14:08.704+0000] {dag.py:3036} INFO - Sync 1 DAGs
[2025-03-13T13:14:08.729+0000] {logging_mixin.py:188} INFO - [2025-03-13T13:14:08.729+0000] {dag.py:3823} INFO - Setting next_dagrun for weather_data_etl to 2025-03-13 13:05:00+00:00, run_after=2025-03-13 13:10:00+00:00
[2025-03-13T13:14:08.749+0000] {processor.py:183} INFO - Processing /opt/airflow/dags/etl_repeat_weather.py took 0.328 seconds
[2025-03-13T13:14:39.038+0000] {processor.py:161} INFO - Started process (PID=2086) to work on /opt/airflow/dags/etl_repeat_weather.py
[2025-03-13T13:14:39.039+0000] {processor.py:830} INFO - Processing file /opt/airflow/dags/etl_repeat_weather.py for tasks to queue
[2025-03-13T13:14:39.040+0000] {logging_mixin.py:188} INFO - [2025-03-13T13:14:39.039+0000] {dagbag.py:538} INFO - Filling up the DagBag from /opt/airflow/dags/etl_repeat_weather.py
[2025-03-13T13:14:39.266+0000] {processor.py:840} INFO - DAG(s) 'weather_data_etl' retrieved from /opt/airflow/dags/etl_repeat_weather.py
[2025-03-13T13:14:39.289+0000] {logging_mixin.py:188} INFO - [2025-03-13T13:14:39.288+0000] {dag.py:3036} INFO - Sync 1 DAGs
[2025-03-13T13:14:39.308+0000] {logging_mixin.py:188} INFO - [2025-03-13T13:14:39.308+0000] {dag.py:3823} INFO - Setting next_dagrun for weather_data_etl to 2025-03-13 13:05:00+00:00, run_after=2025-03-13 13:10:00+00:00
[2025-03-13T13:14:39.326+0000] {processor.py:183} INFO - Processing /opt/airflow/dags/etl_repeat_weather.py took 0.291 seconds
[2025-03-13T13:15:09.665+0000] {processor.py:161} INFO - Started process (PID=2112) to work on /opt/airflow/dags/etl_repeat_weather.py
[2025-03-13T13:15:09.666+0000] {processor.py:830} INFO - Processing file /opt/airflow/dags/etl_repeat_weather.py for tasks to queue
[2025-03-13T13:15:09.667+0000] {logging_mixin.py:188} INFO - [2025-03-13T13:15:09.667+0000] {dagbag.py:538} INFO - Filling up the DagBag from /opt/airflow/dags/etl_repeat_weather.py
[2025-03-13T13:15:09.913+0000] {processor.py:840} INFO - DAG(s) 'weather_data_etl' retrieved from /opt/airflow/dags/etl_repeat_weather.py
[2025-03-13T13:15:09.943+0000] {logging_mixin.py:188} INFO - [2025-03-13T13:15:09.943+0000] {dag.py:3036} INFO - Sync 1 DAGs
[2025-03-13T13:15:09.968+0000] {logging_mixin.py:188} INFO - [2025-03-13T13:15:09.968+0000] {dag.py:3823} INFO - Setting next_dagrun for weather_data_etl to 2025-03-13 13:10:00+00:00, run_after=2025-03-13 13:15:00+00:00
[2025-03-13T13:15:09.991+0000] {processor.py:183} INFO - Processing /opt/airflow/dags/etl_repeat_weather.py took 0.329 seconds
[2025-03-13T13:15:40.537+0000] {processor.py:161} INFO - Started process (PID=2144) to work on /opt/airflow/dags/etl_repeat_weather.py
[2025-03-13T13:15:40.538+0000] {processor.py:830} INFO - Processing file /opt/airflow/dags/etl_repeat_weather.py for tasks to queue
[2025-03-13T13:15:40.539+0000] {logging_mixin.py:188} INFO - [2025-03-13T13:15:40.539+0000] {dagbag.py:538} INFO - Filling up the DagBag from /opt/airflow/dags/etl_repeat_weather.py
[2025-03-13T13:15:40.821+0000] {processor.py:840} INFO - DAG(s) 'weather_data_etl' retrieved from /opt/airflow/dags/etl_repeat_weather.py
[2025-03-13T13:15:40.857+0000] {logging_mixin.py:188} INFO - [2025-03-13T13:15:40.857+0000] {dag.py:3036} INFO - Sync 1 DAGs
[2025-03-13T13:15:40.886+0000] {logging_mixin.py:188} INFO - [2025-03-13T13:15:40.886+0000] {dag.py:3823} INFO - Setting next_dagrun for weather_data_etl to 2025-03-13 13:10:00+00:00, run_after=2025-03-13 13:15:00+00:00
[2025-03-13T13:15:40.913+0000] {processor.py:183} INFO - Processing /opt/airflow/dags/etl_repeat_weather.py took 0.378 seconds
[2025-03-13T13:16:11.334+0000] {processor.py:161} INFO - Started process (PID=2176) to work on /opt/airflow/dags/etl_repeat_weather.py
[2025-03-13T13:16:11.336+0000] {processor.py:830} INFO - Processing file /opt/airflow/dags/etl_repeat_weather.py for tasks to queue
[2025-03-13T13:16:11.338+0000] {logging_mixin.py:188} INFO - [2025-03-13T13:16:11.337+0000] {dagbag.py:538} INFO - Filling up the DagBag from /opt/airflow/dags/etl_repeat_weather.py
[2025-03-13T13:16:11.548+0000] {processor.py:840} INFO - DAG(s) 'weather_data_etl' retrieved from /opt/airflow/dags/etl_repeat_weather.py
[2025-03-13T13:16:11.572+0000] {logging_mixin.py:188} INFO - [2025-03-13T13:16:11.572+0000] {dag.py:3036} INFO - Sync 1 DAGs
[2025-03-13T13:16:11.590+0000] {logging_mixin.py:188} INFO - [2025-03-13T13:16:11.589+0000] {dag.py:3823} INFO - Setting next_dagrun for weather_data_etl to 2025-03-13 13:10:00+00:00, run_after=2025-03-13 13:15:00+00:00
[2025-03-13T13:16:11.608+0000] {processor.py:183} INFO - Processing /opt/airflow/dags/etl_repeat_weather.py took 0.276 seconds
[2025-03-13T13:16:42.184+0000] {processor.py:161} INFO - Started process (PID=2208) to work on /opt/airflow/dags/etl_repeat_weather.py
[2025-03-13T13:16:42.185+0000] {processor.py:830} INFO - Processing file /opt/airflow/dags/etl_repeat_weather.py for tasks to queue
[2025-03-13T13:16:42.186+0000] {logging_mixin.py:188} INFO - [2025-03-13T13:16:42.185+0000] {dagbag.py:538} INFO - Filling up the DagBag from /opt/airflow/dags/etl_repeat_weather.py
[2025-03-13T13:16:42.408+0000] {processor.py:840} INFO - DAG(s) 'weather_data_etl' retrieved from /opt/airflow/dags/etl_repeat_weather.py
[2025-03-13T13:16:42.430+0000] {logging_mixin.py:188} INFO - [2025-03-13T13:16:42.429+0000] {dag.py:3036} INFO - Sync 1 DAGs
[2025-03-13T13:16:42.450+0000] {logging_mixin.py:188} INFO - [2025-03-13T13:16:42.450+0000] {dag.py:3823} INFO - Setting next_dagrun for weather_data_etl to 2025-03-13 13:10:00+00:00, run_after=2025-03-13 13:15:00+00:00
[2025-03-13T13:16:42.466+0000] {processor.py:183} INFO - Processing /opt/airflow/dags/etl_repeat_weather.py took 0.285 seconds
[2025-03-13T13:17:13.108+0000] {processor.py:161} INFO - Started process (PID=2240) to work on /opt/airflow/dags/etl_repeat_weather.py
[2025-03-13T13:17:13.109+0000] {processor.py:830} INFO - Processing file /opt/airflow/dags/etl_repeat_weather.py for tasks to queue
[2025-03-13T13:17:13.110+0000] {logging_mixin.py:188} INFO - [2025-03-13T13:17:13.110+0000] {dagbag.py:538} INFO - Filling up the DagBag from /opt/airflow/dags/etl_repeat_weather.py
[2025-03-13T13:17:13.328+0000] {processor.py:840} INFO - DAG(s) 'weather_data_etl' retrieved from /opt/airflow/dags/etl_repeat_weather.py
[2025-03-13T13:17:13.352+0000] {logging_mixin.py:188} INFO - [2025-03-13T13:17:13.351+0000] {dag.py:3036} INFO - Sync 1 DAGs
[2025-03-13T13:17:13.370+0000] {logging_mixin.py:188} INFO - [2025-03-13T13:17:13.370+0000] {dag.py:3823} INFO - Setting next_dagrun for weather_data_etl to 2025-03-13 13:10:00+00:00, run_after=2025-03-13 13:15:00+00:00
[2025-03-13T13:17:13.388+0000] {processor.py:183} INFO - Processing /opt/airflow/dags/etl_repeat_weather.py took 0.283 seconds
[2025-03-13T13:17:44.013+0000] {processor.py:161} INFO - Started process (PID=2272) to work on /opt/airflow/dags/etl_repeat_weather.py
[2025-03-13T13:17:44.014+0000] {processor.py:830} INFO - Processing file /opt/airflow/dags/etl_repeat_weather.py for tasks to queue
[2025-03-13T13:17:44.018+0000] {logging_mixin.py:188} INFO - [2025-03-13T13:17:44.018+0000] {dagbag.py:538} INFO - Filling up the DagBag from /opt/airflow/dags/etl_repeat_weather.py
[2025-03-13T13:17:44.252+0000] {processor.py:840} INFO - DAG(s) 'weather_data_etl' retrieved from /opt/airflow/dags/etl_repeat_weather.py
[2025-03-13T13:17:44.274+0000] {logging_mixin.py:188} INFO - [2025-03-13T13:17:44.274+0000] {dag.py:3036} INFO - Sync 1 DAGs
[2025-03-13T13:17:44.294+0000] {logging_mixin.py:188} INFO - [2025-03-13T13:17:44.294+0000] {dag.py:3823} INFO - Setting next_dagrun for weather_data_etl to 2025-03-13 13:10:00+00:00, run_after=2025-03-13 13:15:00+00:00
[2025-03-13T13:17:44.317+0000] {processor.py:183} INFO - Processing /opt/airflow/dags/etl_repeat_weather.py took 0.306 seconds
[2025-03-13T13:18:14.639+0000] {processor.py:161} INFO - Started process (PID=2304) to work on /opt/airflow/dags/etl_repeat_weather.py
[2025-03-13T13:18:14.641+0000] {processor.py:830} INFO - Processing file /opt/airflow/dags/etl_repeat_weather.py for tasks to queue
[2025-03-13T13:18:14.642+0000] {logging_mixin.py:188} INFO - [2025-03-13T13:18:14.642+0000] {dagbag.py:538} INFO - Filling up the DagBag from /opt/airflow/dags/etl_repeat_weather.py
[2025-03-13T13:18:14.855+0000] {processor.py:840} INFO - DAG(s) 'weather_data_etl' retrieved from /opt/airflow/dags/etl_repeat_weather.py
[2025-03-13T13:18:14.877+0000] {logging_mixin.py:188} INFO - [2025-03-13T13:18:14.877+0000] {dag.py:3036} INFO - Sync 1 DAGs
[2025-03-13T13:18:14.895+0000] {logging_mixin.py:188} INFO - [2025-03-13T13:18:14.894+0000] {dag.py:3823} INFO - Setting next_dagrun for weather_data_etl to 2025-03-13 13:10:00+00:00, run_after=2025-03-13 13:15:00+00:00
[2025-03-13T13:18:14.910+0000] {processor.py:183} INFO - Processing /opt/airflow/dags/etl_repeat_weather.py took 0.273 seconds
[2025-03-13T13:18:45.685+0000] {processor.py:161} INFO - Started process (PID=2335) to work on /opt/airflow/dags/etl_repeat_weather.py
[2025-03-13T13:18:45.686+0000] {processor.py:830} INFO - Processing file /opt/airflow/dags/etl_repeat_weather.py for tasks to queue
[2025-03-13T13:18:45.687+0000] {logging_mixin.py:188} INFO - [2025-03-13T13:18:45.687+0000] {dagbag.py:538} INFO - Filling up the DagBag from /opt/airflow/dags/etl_repeat_weather.py
[2025-03-13T13:18:45.907+0000] {processor.py:840} INFO - DAG(s) 'weather_data_etl' retrieved from /opt/airflow/dags/etl_repeat_weather.py
[2025-03-13T13:18:45.930+0000] {logging_mixin.py:188} INFO - [2025-03-13T13:18:45.930+0000] {dag.py:3036} INFO - Sync 1 DAGs
[2025-03-13T13:18:45.950+0000] {logging_mixin.py:188} INFO - [2025-03-13T13:18:45.950+0000] {dag.py:3823} INFO - Setting next_dagrun for weather_data_etl to 2025-03-13 13:10:00+00:00, run_after=2025-03-13 13:15:00+00:00
[2025-03-13T13:18:45.966+0000] {processor.py:183} INFO - Processing /opt/airflow/dags/etl_repeat_weather.py took 0.285 seconds
[2025-03-13T13:19:16.283+0000] {processor.py:161} INFO - Started process (PID=2367) to work on /opt/airflow/dags/etl_repeat_weather.py
[2025-03-13T13:19:16.284+0000] {processor.py:830} INFO - Processing file /opt/airflow/dags/etl_repeat_weather.py for tasks to queue
[2025-03-13T13:19:16.286+0000] {logging_mixin.py:188} INFO - [2025-03-13T13:19:16.285+0000] {dagbag.py:538} INFO - Filling up the DagBag from /opt/airflow/dags/etl_repeat_weather.py
[2025-03-13T13:19:16.505+0000] {processor.py:840} INFO - DAG(s) 'weather_data_etl' retrieved from /opt/airflow/dags/etl_repeat_weather.py
[2025-03-13T13:19:16.527+0000] {logging_mixin.py:188} INFO - [2025-03-13T13:19:16.527+0000] {dag.py:3036} INFO - Sync 1 DAGs
[2025-03-13T13:19:16.547+0000] {logging_mixin.py:188} INFO - [2025-03-13T13:19:16.546+0000] {dag.py:3823} INFO - Setting next_dagrun for weather_data_etl to 2025-03-13 13:10:00+00:00, run_after=2025-03-13 13:15:00+00:00
[2025-03-13T13:19:16.564+0000] {processor.py:183} INFO - Processing /opt/airflow/dags/etl_repeat_weather.py took 0.284 seconds
[2025-03-13T13:19:47.368+0000] {processor.py:161} INFO - Started process (PID=2399) to work on /opt/airflow/dags/etl_repeat_weather.py
[2025-03-13T13:19:47.371+0000] {processor.py:830} INFO - Processing file /opt/airflow/dags/etl_repeat_weather.py for tasks to queue
[2025-03-13T13:19:47.372+0000] {logging_mixin.py:188} INFO - [2025-03-13T13:19:47.372+0000] {dagbag.py:538} INFO - Filling up the DagBag from /opt/airflow/dags/etl_repeat_weather.py
[2025-03-13T13:19:47.576+0000] {processor.py:840} INFO - DAG(s) 'weather_data_etl' retrieved from /opt/airflow/dags/etl_repeat_weather.py
[2025-03-13T13:19:47.600+0000] {logging_mixin.py:188} INFO - [2025-03-13T13:19:47.599+0000] {dag.py:3036} INFO - Sync 1 DAGs
[2025-03-13T13:19:47.623+0000] {logging_mixin.py:188} INFO - [2025-03-13T13:19:47.623+0000] {dag.py:3823} INFO - Setting next_dagrun for weather_data_etl to 2025-03-13 13:10:00+00:00, run_after=2025-03-13 13:15:00+00:00
[2025-03-13T13:19:47.643+0000] {processor.py:183} INFO - Processing /opt/airflow/dags/etl_repeat_weather.py took 0.277 seconds
[2025-03-13T13:20:18.230+0000] {processor.py:161} INFO - Started process (PID=2431) to work on /opt/airflow/dags/etl_repeat_weather.py
[2025-03-13T13:20:18.230+0000] {processor.py:830} INFO - Processing file /opt/airflow/dags/etl_repeat_weather.py for tasks to queue
[2025-03-13T13:20:18.232+0000] {logging_mixin.py:188} INFO - [2025-03-13T13:20:18.232+0000] {dagbag.py:538} INFO - Filling up the DagBag from /opt/airflow/dags/etl_repeat_weather.py
[2025-03-13T13:20:18.451+0000] {processor.py:840} INFO - DAG(s) 'weather_data_etl' retrieved from /opt/airflow/dags/etl_repeat_weather.py
[2025-03-13T13:20:18.475+0000] {logging_mixin.py:188} INFO - [2025-03-13T13:20:18.474+0000] {dag.py:3036} INFO - Sync 1 DAGs
[2025-03-13T13:20:18.493+0000] {logging_mixin.py:188} INFO - [2025-03-13T13:20:18.492+0000] {dag.py:3823} INFO - Setting next_dagrun for weather_data_etl to 2025-03-13 13:15:00+00:00, run_after=2025-03-13 13:20:00+00:00
[2025-03-13T13:20:18.508+0000] {processor.py:183} INFO - Processing /opt/airflow/dags/etl_repeat_weather.py took 0.282 seconds
[2025-03-13T13:20:49.107+0000] {processor.py:161} INFO - Started process (PID=2463) to work on /opt/airflow/dags/etl_repeat_weather.py
[2025-03-13T13:20:49.109+0000] {processor.py:830} INFO - Processing file /opt/airflow/dags/etl_repeat_weather.py for tasks to queue
[2025-03-13T13:20:49.110+0000] {logging_mixin.py:188} INFO - [2025-03-13T13:20:49.110+0000] {dagbag.py:538} INFO - Filling up the DagBag from /opt/airflow/dags/etl_repeat_weather.py
[2025-03-13T13:20:49.361+0000] {processor.py:840} INFO - DAG(s) 'weather_data_etl' retrieved from /opt/airflow/dags/etl_repeat_weather.py
[2025-03-13T13:20:49.383+0000] {logging_mixin.py:188} INFO - [2025-03-13T13:20:49.383+0000] {dag.py:3036} INFO - Sync 1 DAGs
[2025-03-13T13:20:49.405+0000] {logging_mixin.py:188} INFO - [2025-03-13T13:20:49.405+0000] {dag.py:3823} INFO - Setting next_dagrun for weather_data_etl to 2025-03-13 13:15:00+00:00, run_after=2025-03-13 13:20:00+00:00
[2025-03-13T13:20:49.422+0000] {processor.py:183} INFO - Processing /opt/airflow/dags/etl_repeat_weather.py took 0.317 seconds
[2025-03-13T13:21:19.982+0000] {processor.py:161} INFO - Started process (PID=2495) to work on /opt/airflow/dags/etl_repeat_weather.py
[2025-03-13T13:21:19.983+0000] {processor.py:830} INFO - Processing file /opt/airflow/dags/etl_repeat_weather.py for tasks to queue
[2025-03-13T13:21:19.984+0000] {logging_mixin.py:188} INFO - [2025-03-13T13:21:19.984+0000] {dagbag.py:538} INFO - Filling up the DagBag from /opt/airflow/dags/etl_repeat_weather.py
[2025-03-13T13:21:20.218+0000] {processor.py:840} INFO - DAG(s) 'weather_data_etl' retrieved from /opt/airflow/dags/etl_repeat_weather.py
[2025-03-13T13:21:20.241+0000] {logging_mixin.py:188} INFO - [2025-03-13T13:21:20.240+0000] {dag.py:3036} INFO - Sync 1 DAGs
[2025-03-13T13:21:20.259+0000] {logging_mixin.py:188} INFO - [2025-03-13T13:21:20.259+0000] {dag.py:3823} INFO - Setting next_dagrun for weather_data_etl to 2025-03-13 13:15:00+00:00, run_after=2025-03-13 13:20:00+00:00
[2025-03-13T13:21:20.275+0000] {processor.py:183} INFO - Processing /opt/airflow/dags/etl_repeat_weather.py took 0.295 seconds
[2025-03-13T13:21:50.545+0000] {processor.py:161} INFO - Started process (PID=2527) to work on /opt/airflow/dags/etl_repeat_weather.py
[2025-03-13T13:21:50.546+0000] {processor.py:830} INFO - Processing file /opt/airflow/dags/etl_repeat_weather.py for tasks to queue
[2025-03-13T13:21:50.547+0000] {logging_mixin.py:188} INFO - [2025-03-13T13:21:50.547+0000] {dagbag.py:538} INFO - Filling up the DagBag from /opt/airflow/dags/etl_repeat_weather.py
[2025-03-13T13:21:50.758+0000] {processor.py:840} INFO - DAG(s) 'weather_data_etl' retrieved from /opt/airflow/dags/etl_repeat_weather.py
[2025-03-13T13:21:50.785+0000] {logging_mixin.py:188} INFO - [2025-03-13T13:21:50.784+0000] {dag.py:3036} INFO - Sync 1 DAGs
[2025-03-13T13:21:50.804+0000] {logging_mixin.py:188} INFO - [2025-03-13T13:21:50.804+0000] {dag.py:3823} INFO - Setting next_dagrun for weather_data_etl to 2025-03-13 13:15:00+00:00, run_after=2025-03-13 13:20:00+00:00
[2025-03-13T13:21:50.821+0000] {processor.py:183} INFO - Processing /opt/airflow/dags/etl_repeat_weather.py took 0.278 seconds
[2025-03-13T13:22:21.118+0000] {processor.py:161} INFO - Started process (PID=2559) to work on /opt/airflow/dags/etl_repeat_weather.py
[2025-03-13T13:22:21.119+0000] {processor.py:830} INFO - Processing file /opt/airflow/dags/etl_repeat_weather.py for tasks to queue
[2025-03-13T13:22:21.120+0000] {logging_mixin.py:188} INFO - [2025-03-13T13:22:21.120+0000] {dagbag.py:538} INFO - Filling up the DagBag from /opt/airflow/dags/etl_repeat_weather.py
[2025-03-13T13:22:21.354+0000] {processor.py:840} INFO - DAG(s) 'weather_data_etl' retrieved from /opt/airflow/dags/etl_repeat_weather.py
[2025-03-13T13:22:21.379+0000] {logging_mixin.py:188} INFO - [2025-03-13T13:22:21.378+0000] {dag.py:3036} INFO - Sync 1 DAGs
[2025-03-13T13:22:21.398+0000] {logging_mixin.py:188} INFO - [2025-03-13T13:22:21.398+0000] {dag.py:3823} INFO - Setting next_dagrun for weather_data_etl to 2025-03-13 13:15:00+00:00, run_after=2025-03-13 13:20:00+00:00
[2025-03-13T13:22:21.415+0000] {processor.py:183} INFO - Processing /opt/airflow/dags/etl_repeat_weather.py took 0.301 seconds
[2025-03-13T13:22:51.798+0000] {processor.py:161} INFO - Started process (PID=2591) to work on /opt/airflow/dags/etl_repeat_weather.py
[2025-03-13T13:22:51.799+0000] {processor.py:830} INFO - Processing file /opt/airflow/dags/etl_repeat_weather.py for tasks to queue
[2025-03-13T13:22:51.801+0000] {logging_mixin.py:188} INFO - [2025-03-13T13:22:51.801+0000] {dagbag.py:538} INFO - Filling up the DagBag from /opt/airflow/dags/etl_repeat_weather.py
[2025-03-13T13:22:52.082+0000] {processor.py:840} INFO - DAG(s) 'weather_data_etl' retrieved from /opt/airflow/dags/etl_repeat_weather.py
[2025-03-13T13:22:52.112+0000] {logging_mixin.py:188} INFO - [2025-03-13T13:22:52.111+0000] {dag.py:3036} INFO - Sync 1 DAGs
[2025-03-13T13:22:52.133+0000] {logging_mixin.py:188} INFO - [2025-03-13T13:22:52.133+0000] {dag.py:3823} INFO - Setting next_dagrun for weather_data_etl to 2025-03-13 13:15:00+00:00, run_after=2025-03-13 13:20:00+00:00
[2025-03-13T13:22:52.171+0000] {processor.py:183} INFO - Processing /opt/airflow/dags/etl_repeat_weather.py took 0.377 seconds
